<?xml version="1.0" encoding="UTF-8"?>
<!-- Generated by org.testng.reporters.JUnitXMLReporter -->
<testsuite hostname="ynohW8-64b-one" name="VoiceACD Scenarios" tests="1" failures="1" timestamp="5 Mar 2018 21:48:35 GMT" time="125.556" errors="0">
  <testcase name="Load_ChangeState_ByThread on Thread[Thread-1,5,main]" time="125.543" classname="TestCases.Test_Load">
    <failure type="java.lang.NullPointerException">
      <![CDATA[java.lang.NullPointerException
	at BaseObjects.TestCaseObject.endTestCase(TestCaseObject.java:254)
	at TestCases.Test_Load.Load_ChangeState_ByThread(Test_Load.java:239)
... Removed 24 stack frames]]>
    </failure>
  </testcase> <!-- Load_ChangeState_ByThread on Thread[Thread-1,5,main] -->
</testsuite> <!-- VoiceACD Scenarios -->
