<?xml version="1.0" encoding="UTF-8"?>
<testng-results skipped="39" failed="0" total="41" passed="2">
  <reporter-output>
  </reporter-output>
  <suite name="Test HB Suite" duration-ms="189031" started-at="2017-09-21T16:57:56Z" finished-at="2017-09-21T17:01:06Z">
    <groups>
      <group name="VoiceACD_Basic_ClassLevel">
        <method signature="Test_VoiceACD_Basic.VoiceACD_NoQ_Answer(int, int, int)[pri:0, instance:Thread[Thread-2,5,main]]" name="VoiceACD_NoQ_Answer" class="HBTestesNG.TestCases.Test_VoiceACD_Basic"/>
        <method signature="Test_VoiceACD_Basic.VoiceACD_NoQ_Answer_NoWrapTime(int, int)[pri:0, instance:Thread[Thread-2,5,main]]" name="VoiceACD_NoQ_Answer_NoWrapTime" class="HBTestesNG.TestCases.Test_VoiceACD_Basic"/>
        <method signature="Test_VoiceACD_Basic.VoiceACD_Q_Answer(int, int, int, int)[pri:0, instance:Thread[Thread-2,5,main]]" name="VoiceACD_Q_Answer" class="HBTestesNG.TestCases.Test_VoiceACD_Basic"/>
      </group> <!-- VoiceACD_Basic_ClassLevel -->
      <group name="VoiceACD_Conference_ClassLevel">
        <method signature="Test_VoiceACD_Conference.VoiceACD_CConference_All(int, int, int, int, int)[pri:0, instance:Thread[Thread-5,5,main]]" name="VoiceACD_CConference_All" class="HBTestesNG.TestCases.Test_VoiceACD_Conference"/>
        <method signature="Test_VoiceACD_Conference.VoiceACD_CConference_ToExt_DifferentGroup(int, int, int, int)[pri:0, instance:Thread[Thread-5,5,main]]" name="VoiceACD_CConference_ToExt_DifferentGroup" class="HBTestesNG.TestCases.Test_VoiceACD_Conference"/>
        <method signature="Test_VoiceACD_Conference.VoiceACD_CConference_ToExt_DifferentGroup_byName(int, int, int, int)[pri:0, instance:Thread[Thread-5,5,main]]" name="VoiceACD_CConference_ToExt_DifferentGroup_byName" class="HBTestesNG.TestCases.Test_VoiceACD_Conference"/>
        <method signature="Test_VoiceACD_Conference.VoiceACD_CConference_ToExt_SameGroup(int, int, int, int, int)[pri:0, instance:Thread[Thread-5,5,main]]" name="VoiceACD_CConference_ToExt_SameGroup" class="HBTestesNG.TestCases.Test_VoiceACD_Conference"/>
        <method signature="Test_VoiceACD_Conference.VoiceACD_CConference_ToExt_SameGroup_byName(int, int, int, int, int)[pri:0, instance:Thread[Thread-5,5,main]]" name="VoiceACD_CConference_ToExt_SameGroup_byName" class="HBTestesNG.TestCases.Test_VoiceACD_Conference"/>
        <method signature="Test_VoiceACD_Conference.VoiceACD_CConference_ToExternal(int, int, int, int)[pri:0, instance:Thread[Thread-5,5,main]]" name="VoiceACD_CConference_ToExternal" class="HBTestesNG.TestCases.Test_VoiceACD_Conference"/>
        <method signature="Test_VoiceACD_Conference.VoiceACD_CConference_ToIRN_DifferentGroup(int, int, int, int, int)[pri:0, instance:Thread[Thread-5,5,main]]" name="VoiceACD_CConference_ToIRN_DifferentGroup" class="HBTestesNG.TestCases.Test_VoiceACD_Conference"/>
        <method signature="Test_VoiceACD_Conference.VoiceACD_CConference_ToIRN_SameGroup(int, int, int, int, int)[pri:0, instance:Thread[Thread-5,5,main]]" name="VoiceACD_CConference_ToIRN_SameGroup" class="HBTestesNG.TestCases.Test_VoiceACD_Conference"/>
      </group> <!-- VoiceACD_Conference_ClassLevel -->
      <group name="VoiceACD_Transfer_WrapTimeZero_ClassLevel">
        <method signature="Test_VoiceACD_Transfer_WrapTimeZero.VoiceACD_BTransfer_ToExt_DifferentGroup(int, int, int, int)[pri:0, instance:Thread[Thread-4,5,main]]" name="VoiceACD_BTransfer_ToExt_DifferentGroup" class="HBTestesNG.TestCases.Test_VoiceACD_Transfer_WrapTimeZero"/>
        <method signature="Test_VoiceACD_Transfer_WrapTimeZero.VoiceACD_BTransfer_ToExt_SameGroup(int, int, int, int, int)[pri:0, instance:Thread[Thread-4,5,main]]" name="VoiceACD_BTransfer_ToExt_SameGroup" class="HBTestesNG.TestCases.Test_VoiceACD_Transfer_WrapTimeZero"/>
        <method signature="Test_VoiceACD_Transfer_WrapTimeZero.VoiceACD_BTransfer_ToExternal(int, int, int, int)[pri:0, instance:Thread[Thread-4,5,main]]" name="VoiceACD_BTransfer_ToExternal" class="HBTestesNG.TestCases.Test_VoiceACD_Transfer_WrapTimeZero"/>
        <method signature="Test_VoiceACD_Transfer_WrapTimeZero.VoiceACD_BTransfer_ToIRN_DifferentGroup(int, int, int, int, int)[pri:0, instance:Thread[Thread-4,5,main]]" name="VoiceACD_BTransfer_ToIRN_DifferentGroup" class="HBTestesNG.TestCases.Test_VoiceACD_Transfer_WrapTimeZero"/>
        <method signature="Test_VoiceACD_Transfer_WrapTimeZero.VoiceACD_BTransfer_ToIRN_SameGroup(int, int, int, int, int)[pri:0, instance:Thread[Thread-4,5,main]]" name="VoiceACD_BTransfer_ToIRN_SameGroup" class="HBTestesNG.TestCases.Test_VoiceACD_Transfer_WrapTimeZero"/>
        <method signature="Test_VoiceACD_Transfer_WrapTimeZero.VoiceACD_CTransfer_ToExt_DifferentGroup(int, int, int, int)[pri:0, instance:Thread[Thread-4,5,main]]" name="VoiceACD_CTransfer_ToExt_DifferentGroup" class="HBTestesNG.TestCases.Test_VoiceACD_Transfer_WrapTimeZero"/>
        <method signature="Test_VoiceACD_Transfer_WrapTimeZero.VoiceACD_CTransfer_ToExt_SameGroup(int, int, int, int, int)[pri:0, instance:Thread[Thread-4,5,main]]" name="VoiceACD_CTransfer_ToExt_SameGroup" class="HBTestesNG.TestCases.Test_VoiceACD_Transfer_WrapTimeZero"/>
        <method signature="Test_VoiceACD_Transfer_WrapTimeZero.VoiceACD_CTransfer_ToExternal(int, int, int, int)[pri:0, instance:Thread[Thread-4,5,main]]" name="VoiceACD_CTransfer_ToExternal" class="HBTestesNG.TestCases.Test_VoiceACD_Transfer_WrapTimeZero"/>
        <method signature="Test_VoiceACD_Transfer_WrapTimeZero.VoiceACD_CTransfer_ToIRN_DifferentGroup(int, int, int, int, int)[pri:0, instance:Thread[Thread-4,5,main]]" name="VoiceACD_CTransfer_ToIRN_DifferentGroup" class="HBTestesNG.TestCases.Test_VoiceACD_Transfer_WrapTimeZero"/>
        <method signature="Test_VoiceACD_Transfer_WrapTimeZero.VoiceACD_CTransfer_ToIRN_SameGroup(int, int, int, int, int)[pri:0, instance:Thread[Thread-4,5,main]]" name="VoiceACD_CTransfer_ToIRN_SameGroup" class="HBTestesNG.TestCases.Test_VoiceACD_Transfer_WrapTimeZero"/>
      </group> <!-- VoiceACD_Transfer_WrapTimeZero_ClassLevel -->
      <group name="VoiceACD_Transfer_ClassLevel">
        <method signature="Test_VoiceACD_Transfer.VoiceACD_BTransfer_ToExt_DifferentGroup(int, int, int, int)[pri:0, instance:Thread[Thread-3,5,main]]" name="VoiceACD_BTransfer_ToExt_DifferentGroup" class="HBTestesNG.TestCases.Test_VoiceACD_Transfer"/>
        <method signature="Test_VoiceACD_Transfer.VoiceACD_BTransfer_ToExt_DifferentGroup_byName(int, int, int, int)[pri:0, instance:Thread[Thread-3,5,main]]" name="VoiceACD_BTransfer_ToExt_DifferentGroup_byName" class="HBTestesNG.TestCases.Test_VoiceACD_Transfer"/>
        <method signature="Test_VoiceACD_Transfer.VoiceACD_BTransfer_ToExt_SameGroup(int, int, int, int, int)[pri:0, instance:Thread[Thread-3,5,main]]" name="VoiceACD_BTransfer_ToExt_SameGroup" class="HBTestesNG.TestCases.Test_VoiceACD_Transfer"/>
        <method signature="Test_VoiceACD_Transfer.VoiceACD_BTransfer_ToExt_SameGroup_byName(int, int, int, int, int)[pri:0, instance:Thread[Thread-3,5,main]]" name="VoiceACD_BTransfer_ToExt_SameGroup_byName" class="HBTestesNG.TestCases.Test_VoiceACD_Transfer"/>
        <method signature="Test_VoiceACD_Transfer.VoiceACD_BTransfer_ToExternal(int, int, int, int)[pri:0, instance:Thread[Thread-3,5,main]]" name="VoiceACD_BTransfer_ToExternal" class="HBTestesNG.TestCases.Test_VoiceACD_Transfer"/>
        <method signature="Test_VoiceACD_Transfer.VoiceACD_BTransfer_ToIRN_AQ(int, int, int, int, int)[pri:0, instance:Thread[Thread-3,5,main]]" name="VoiceACD_BTransfer_ToIRN_AQ" class="HBTestesNG.TestCases.Test_VoiceACD_Transfer"/>
        <method signature="Test_VoiceACD_Transfer.VoiceACD_BTransfer_ToIRN_DifferentGroup(int, int, int, int, int)[pri:0, instance:Thread[Thread-3,5,main]]" name="VoiceACD_BTransfer_ToIRN_DifferentGroup" class="HBTestesNG.TestCases.Test_VoiceACD_Transfer"/>
        <method signature="Test_VoiceACD_Transfer.VoiceACD_BTransfer_ToIRN_SameGroup(int, int, int, int, int)[pri:0, instance:Thread[Thread-3,5,main]]" name="VoiceACD_BTransfer_ToIRN_SameGroup" class="HBTestesNG.TestCases.Test_VoiceACD_Transfer"/>
        <method signature="Test_VoiceACD_Transfer.VoiceACD_CTransfer_ToExt_DifferentGroup(int, int, int, int)[pri:0, instance:Thread[Thread-3,5,main]]" name="VoiceACD_CTransfer_ToExt_DifferentGroup" class="HBTestesNG.TestCases.Test_VoiceACD_Transfer"/>
        <method signature="Test_VoiceACD_Transfer.VoiceACD_CTransfer_ToExt_DifferentGroup_byName(int, int, int, int)[pri:0, instance:Thread[Thread-3,5,main]]" name="VoiceACD_CTransfer_ToExt_DifferentGroup_byName" class="HBTestesNG.TestCases.Test_VoiceACD_Transfer"/>
        <method signature="Test_VoiceACD_Transfer.VoiceACD_CTransfer_ToExt_SameGroup(int, int, int, int, int)[pri:0, instance:Thread[Thread-3,5,main]]" name="VoiceACD_CTransfer_ToExt_SameGroup" class="HBTestesNG.TestCases.Test_VoiceACD_Transfer"/>
        <method signature="Test_VoiceACD_Transfer.VoiceACD_CTransfer_ToExt_SameGroup_byName(int, int, int, int, int)[pri:0, instance:Thread[Thread-3,5,main]]" name="VoiceACD_CTransfer_ToExt_SameGroup_byName" class="HBTestesNG.TestCases.Test_VoiceACD_Transfer"/>
        <method signature="Test_VoiceACD_Transfer.VoiceACD_CTransfer_ToExternal(int, int, int, int)[pri:0, instance:Thread[Thread-3,5,main]]" name="VoiceACD_CTransfer_ToExternal" class="HBTestesNG.TestCases.Test_VoiceACD_Transfer"/>
        <method signature="Test_VoiceACD_Transfer.VoiceACD_CTransfer_ToIRN_DifferentGroup(int, int, int, int, int)[pri:0, instance:Thread[Thread-3,5,main]]" name="VoiceACD_CTransfer_ToIRN_DifferentGroup" class="HBTestesNG.TestCases.Test_VoiceACD_Transfer"/>
        <method signature="Test_VoiceACD_Transfer.VoiceACD_CTransfer_ToIRN_SameGroup(int, int, int, int, int)[pri:0, instance:Thread[Thread-3,5,main]]" name="VoiceACD_CTransfer_ToIRN_SameGroup" class="HBTestesNG.TestCases.Test_VoiceACD_Transfer"/>
      </group> <!-- VoiceACD_Transfer_ClassLevel -->
      <group name="VoiceACD_Conference_WrapTimeZero_ClassLevel">
        <method signature="Test_VoiceACD_Conference_WrapTimeZero.VoiceACD_CConference_ToExt_DifferentGroup(int, int, int, int)[pri:0, instance:Thread[Thread-6,5,main]]" name="VoiceACD_CConference_ToExt_DifferentGroup" class="HBTestesNG.TestCases.Test_VoiceACD_Conference_WrapTimeZero"/>
        <method signature="Test_VoiceACD_Conference_WrapTimeZero.VoiceACD_CConference_ToExt_SameGroup(int, int, int, int, int)[pri:0, instance:Thread[Thread-6,5,main]]" name="VoiceACD_CConference_ToExt_SameGroup" class="HBTestesNG.TestCases.Test_VoiceACD_Conference_WrapTimeZero"/>
        <method signature="Test_VoiceACD_Conference_WrapTimeZero.VoiceACD_CConference_ToExternal(int, int, int, int)[pri:0, instance:Thread[Thread-6,5,main]]" name="VoiceACD_CConference_ToExternal" class="HBTestesNG.TestCases.Test_VoiceACD_Conference_WrapTimeZero"/>
        <method signature="Test_VoiceACD_Conference_WrapTimeZero.VoiceACD_CConference_ToIRN_DifferentGroup(int, int, int, int, int)[pri:0, instance:Thread[Thread-6,5,main]]" name="VoiceACD_CConference_ToIRN_DifferentGroup" class="HBTestesNG.TestCases.Test_VoiceACD_Conference_WrapTimeZero"/>
        <method signature="Test_VoiceACD_Conference_WrapTimeZero.VoiceACD_CConference_ToIRN_SameGroup(int, int, int, int, int)[pri:0, instance:Thread[Thread-6,5,main]]" name="VoiceACD_CConference_ToIRN_SameGroup" class="HBTestesNG.TestCases.Test_VoiceACD_Conference_WrapTimeZero"/>
      </group> <!-- VoiceACD_Conference_WrapTimeZero_ClassLevel -->
    </groups>
    <test name="VoiceACD Scenarios" duration-ms="189031" started-at="2017-09-21T16:57:56Z" finished-at="2017-09-21T17:01:06Z">
      <class name="HBTestesNG.TestCases.Test_Initiate">
        <test-method status="PASS" signature="beforeSuite()[pri:0, instance:Thread[Thread-0,5,main]]" name="beforeSuite" is-config="true" duration-ms="177009" started-at="2017-09-21T09:54:59Z" finished-at="2017-09-21T09:57:56Z">
          <reporter-output>
          </reporter-output>
        </test-method> <!-- beforeSuite -->
        <test-method status="PASS" signature="afterSuite()[pri:0, instance:Thread[Thread-0,5,main]]" name="afterSuite" is-config="true" duration-ms="33529" started-at="2017-09-21T10:01:06Z" finished-at="2017-09-21T10:01:39Z">
          <reporter-output>
          </reporter-output>
        </test-method> <!-- afterSuite -->
      </class> <!-- HBTestesNG.TestCases.Test_Initiate -->
      <class name="HBTestesNG.TestCases.Test_VoiceACD_Conference_WrapTimeZero">
        <test-method status="SKIP" signature="beforeClass()[pri:0, instance:Thread[Thread-6,5,main]]" name="beforeClass" is-config="true" duration-ms="0" started-at="2017-09-21T10:01:05Z" finished-at="2017-09-21T10:01:05Z">
          <exception class="org.testng.SkipException">
            <message>
              <![CDATA[Skipping InitializeAllVariables()]]>
            </message>
            <full-stacktrace>
              <![CDATA[org.testng.SkipException: Skipping InitializeAllVariables()
	at HBTestesNG.BaseObjects.TestCaseObject.InitializeAllVariables(TestCaseObject.java:43)
	at HBTestesNG.TestCases.Test_VoiceACD_Conference_WrapTimeZero.beforeClass(Test_VoiceACD_Conference_WrapTimeZero.java:24)
	at sun.reflect.NativeMethodAccessorImpl.invoke0(Native Method)
	at sun.reflect.NativeMethodAccessorImpl.invoke(Unknown Source)
	at sun.reflect.DelegatingMethodAccessorImpl.invoke(Unknown Source)
	at java.lang.reflect.Method.invoke(Unknown Source)
	at org.testng.internal.MethodInvocationHelper.invokeMethod(MethodInvocationHelper.java:85)
	at org.testng.internal.Invoker.invokeConfigurationMethod(Invoker.java:510)
	at org.testng.internal.Invoker.invokeConfigurations(Invoker.java:211)
	at org.testng.internal.Invoker.invokeConfigurations(Invoker.java:138)
	at org.testng.internal.TestMethodWorker.invokeBeforeClassMethods(TestMethodWorker.java:170)
	at org.testng.internal.TestMethodWorker.run(TestMethodWorker.java:104)
	at org.testng.TestRunner.privateRun(TestRunner.java:774)
	at org.testng.TestRunner.run(TestRunner.java:624)
	at org.testng.SuiteRunner.runTest(SuiteRunner.java:359)
	at org.testng.SuiteRunner.runSequentially(SuiteRunner.java:354)
	at org.testng.SuiteRunner.privateRun(SuiteRunner.java:312)
	at org.testng.SuiteRunner.run(SuiteRunner.java:261)
	at org.testng.SuiteRunnerWorker.runSuite(SuiteRunnerWorker.java:52)
	at org.testng.SuiteRunnerWorker.run(SuiteRunnerWorker.java:86)
	at org.testng.TestNG.runSuitesSequentially(TestNG.java:1215)
	at org.testng.TestNG.runSuitesLocally(TestNG.java:1140)
	at org.testng.TestNG.run(TestNG.java:1048)
	at org.testng.remote.AbstractRemoteTestNG.run(AbstractRemoteTestNG.java:132)
	at org.testng.remote.RemoteTestNG.initAndRun(RemoteTestNG.java:230)
	at org.testng.remote.RemoteTestNG.main(RemoteTestNG.java:76)
]]>
            </full-stacktrace>
          </exception> <!-- org.testng.SkipException -->
          <reporter-output>
          </reporter-output>
        </test-method> <!-- beforeClass -->
        <test-method status="SKIP" signature="VoiceACD_CConference_ToExt_DifferentGroup(int, int, int, int)[pri:0, instance:Thread[Thread-6,5,main]]" name="VoiceACD_CConference_ToExt_DifferentGroup" duration-ms="0" started-at="2017-09-21T10:01:05Z" finished-at="2017-09-21T10:01:05Z">
          <params>
            <param index="0">
              <value>
                <![CDATA[10]]>
              </value>
            </param>
            <param index="1">
              <value>
                <![CDATA[10]]>
              </value>
            </param>
            <param index="2">
              <value>
                <![CDATA[10]]>
              </value>
            </param>
            <param index="3">
              <value>
                <![CDATA[10]]>
              </value>
            </param>
          </params>
          <reporter-output>
          </reporter-output>
        </test-method> <!-- VoiceACD_CConference_ToExt_DifferentGroup -->
        <test-method status="SKIP" signature="VoiceACD_CConference_ToExt_SameGroup(int, int, int, int, int)[pri:0, instance:Thread[Thread-6,5,main]]" name="VoiceACD_CConference_ToExt_SameGroup" duration-ms="1" started-at="2017-09-21T10:01:06Z" finished-at="2017-09-21T10:01:06Z">
          <params>
            <param index="0">
              <value>
                <![CDATA[10]]>
              </value>
            </param>
            <param index="1">
              <value>
                <![CDATA[10]]>
              </value>
            </param>
            <param index="2">
              <value>
                <![CDATA[10]]>
              </value>
            </param>
            <param index="3">
              <value>
                <![CDATA[10]]>
              </value>
            </param>
            <param index="4">
              <value>
                <![CDATA[10]]>
              </value>
            </param>
          </params>
          <reporter-output>
          </reporter-output>
        </test-method> <!-- VoiceACD_CConference_ToExt_SameGroup -->
        <test-method status="SKIP" signature="VoiceACD_CConference_ToIRN_DifferentGroup(int, int, int, int, int)[pri:0, instance:Thread[Thread-6,5,main]]" name="VoiceACD_CConference_ToIRN_DifferentGroup" duration-ms="1" started-at="2017-09-21T10:01:06Z" finished-at="2017-09-21T10:01:06Z">
          <params>
            <param index="0">
              <value>
                <![CDATA[10]]>
              </value>
            </param>
            <param index="1">
              <value>
                <![CDATA[10]]>
              </value>
            </param>
            <param index="2">
              <value>
                <![CDATA[10]]>
              </value>
            </param>
            <param index="3">
              <value>
                <![CDATA[10]]>
              </value>
            </param>
            <param index="4">
              <value>
                <![CDATA[10]]>
              </value>
            </param>
          </params>
          <reporter-output>
          </reporter-output>
        </test-method> <!-- VoiceACD_CConference_ToIRN_DifferentGroup -->
        <test-method status="SKIP" signature="VoiceACD_CConference_ToIRN_SameGroup(int, int, int, int, int)[pri:0, instance:Thread[Thread-6,5,main]]" name="VoiceACD_CConference_ToIRN_SameGroup" duration-ms="2" started-at="2017-09-21T10:01:06Z" finished-at="2017-09-21T10:01:06Z">
          <params>
            <param index="0">
              <value>
                <![CDATA[10]]>
              </value>
            </param>
            <param index="1">
              <value>
                <![CDATA[10]]>
              </value>
            </param>
            <param index="2">
              <value>
                <![CDATA[10]]>
              </value>
            </param>
            <param index="3">
              <value>
                <![CDATA[10]]>
              </value>
            </param>
            <param index="4">
              <value>
                <![CDATA[10]]>
              </value>
            </param>
          </params>
          <reporter-output>
          </reporter-output>
        </test-method> <!-- VoiceACD_CConference_ToIRN_SameGroup -->
        <test-method status="SKIP" signature="VoiceACD_CConference_ToExternal(int, int, int, int)[pri:0, instance:Thread[Thread-6,5,main]]" name="VoiceACD_CConference_ToExternal" duration-ms="0" started-at="2017-09-21T10:01:06Z" finished-at="2017-09-21T10:01:06Z">
          <params>
            <param index="0">
              <value>
                <![CDATA[10]]>
              </value>
            </param>
            <param index="1">
              <value>
                <![CDATA[10]]>
              </value>
            </param>
            <param index="2">
              <value>
                <![CDATA[10]]>
              </value>
            </param>
            <param index="3">
              <value>
                <![CDATA[10]]>
              </value>
            </param>
          </params>
          <reporter-output>
          </reporter-output>
        </test-method> <!-- VoiceACD_CConference_ToExternal -->
        <test-method status="SKIP" signature="afterClass()[pri:0, instance:Thread[Thread-6,5,main]]" name="afterClass" is-config="true" duration-ms="0" started-at="2017-09-21T10:01:06Z" finished-at="2017-09-21T10:01:06Z">
          <reporter-output>
          </reporter-output>
        </test-method> <!-- afterClass -->
      </class> <!-- HBTestesNG.TestCases.Test_VoiceACD_Conference_WrapTimeZero -->
      <class name="HBTestesNG.TestCases.Test_VoiceACD_Transfer">
        <test-method status="SKIP" signature="beforeClass()[pri:0, instance:Thread[Thread-3,5,main]]" name="beforeClass" is-config="true" duration-ms="0" started-at="2017-09-21T10:01:05Z" finished-at="2017-09-21T10:01:05Z">
          <exception class="org.testng.SkipException">
            <message>
              <![CDATA[Skipping InitializeAllVariables()]]>
            </message>
            <full-stacktrace>
              <![CDATA[org.testng.SkipException: Skipping InitializeAllVariables()
	at HBTestesNG.BaseObjects.TestCaseObject.InitializeAllVariables(TestCaseObject.java:43)
	at HBTestesNG.TestCases.Test_VoiceACD_Transfer.beforeClass(Test_VoiceACD_Transfer.java:28)
	at sun.reflect.NativeMethodAccessorImpl.invoke0(Native Method)
	at sun.reflect.NativeMethodAccessorImpl.invoke(Unknown Source)
	at sun.reflect.DelegatingMethodAccessorImpl.invoke(Unknown Source)
	at java.lang.reflect.Method.invoke(Unknown Source)
	at org.testng.internal.MethodInvocationHelper.invokeMethod(MethodInvocationHelper.java:85)
	at org.testng.internal.Invoker.invokeConfigurationMethod(Invoker.java:510)
	at org.testng.internal.Invoker.invokeConfigurations(Invoker.java:211)
	at org.testng.internal.Invoker.invokeConfigurations(Invoker.java:138)
	at org.testng.internal.TestMethodWorker.invokeBeforeClassMethods(TestMethodWorker.java:170)
	at org.testng.internal.TestMethodWorker.run(TestMethodWorker.java:104)
	at org.testng.TestRunner.privateRun(TestRunner.java:774)
	at org.testng.TestRunner.run(TestRunner.java:624)
	at org.testng.SuiteRunner.runTest(SuiteRunner.java:359)
	at org.testng.SuiteRunner.runSequentially(SuiteRunner.java:354)
	at org.testng.SuiteRunner.privateRun(SuiteRunner.java:312)
	at org.testng.SuiteRunner.run(SuiteRunner.java:261)
	at org.testng.SuiteRunnerWorker.runSuite(SuiteRunnerWorker.java:52)
	at org.testng.SuiteRunnerWorker.run(SuiteRunnerWorker.java:86)
	at org.testng.TestNG.runSuitesSequentially(TestNG.java:1215)
	at org.testng.TestNG.runSuitesLocally(TestNG.java:1140)
	at org.testng.TestNG.run(TestNG.java:1048)
	at org.testng.remote.AbstractRemoteTestNG.run(AbstractRemoteTestNG.java:132)
	at org.testng.remote.RemoteTestNG.initAndRun(RemoteTestNG.java:230)
	at org.testng.remote.RemoteTestNG.main(RemoteTestNG.java:76)
]]>
            </full-stacktrace>
          </exception> <!-- org.testng.SkipException -->
          <reporter-output>
          </reporter-output>
        </test-method> <!-- beforeClass -->
        <test-method status="SKIP" signature="VoiceACD_BTransfer_ToExt_SameGroup(int, int, int, int, int)[pri:0, instance:Thread[Thread-3,5,main]]" name="VoiceACD_BTransfer_ToExt_SameGroup" duration-ms="0" started-at="2017-09-21T10:01:05Z" finished-at="2017-09-21T10:01:05Z">
          <params>
            <param index="0">
              <value>
                <![CDATA[10]]>
              </value>
            </param>
            <param index="1">
              <value>
                <![CDATA[10]]>
              </value>
            </param>
            <param index="2">
              <value>
                <![CDATA[10]]>
              </value>
            </param>
            <param index="3">
              <value>
                <![CDATA[10]]>
              </value>
            </param>
            <param index="4">
              <value>
                <![CDATA[10]]>
              </value>
            </param>
          </params>
          <reporter-output>
          </reporter-output>
        </test-method> <!-- VoiceACD_BTransfer_ToExt_SameGroup -->
        <test-method status="SKIP" signature="VoiceACD_BTransfer_ToExt_DifferentGroup(int, int, int, int)[pri:0, instance:Thread[Thread-3,5,main]]" name="VoiceACD_BTransfer_ToExt_DifferentGroup" duration-ms="1" started-at="2017-09-21T10:01:05Z" finished-at="2017-09-21T10:01:05Z">
          <params>
            <param index="0">
              <value>
                <![CDATA[10]]>
              </value>
            </param>
            <param index="1">
              <value>
                <![CDATA[10]]>
              </value>
            </param>
            <param index="2">
              <value>
                <![CDATA[10]]>
              </value>
            </param>
            <param index="3">
              <value>
                <![CDATA[10]]>
              </value>
            </param>
          </params>
          <reporter-output>
          </reporter-output>
        </test-method> <!-- VoiceACD_BTransfer_ToExt_DifferentGroup -->
        <test-method status="SKIP" signature="VoiceACD_BTransfer_ToExternal(int, int, int, int)[pri:0, instance:Thread[Thread-3,5,main]]" name="VoiceACD_BTransfer_ToExternal" duration-ms="1" started-at="2017-09-21T10:01:05Z" finished-at="2017-09-21T10:01:05Z">
          <params>
            <param index="0">
              <value>
                <![CDATA[10]]>
              </value>
            </param>
            <param index="1">
              <value>
                <![CDATA[10]]>
              </value>
            </param>
            <param index="2">
              <value>
                <![CDATA[10]]>
              </value>
            </param>
            <param index="3">
              <value>
                <![CDATA[10]]>
              </value>
            </param>
          </params>
          <reporter-output>
          </reporter-output>
        </test-method> <!-- VoiceACD_BTransfer_ToExternal -->
        <test-method status="SKIP" signature="VoiceACD_BTransfer_ToIRN_SameGroup(int, int, int, int, int)[pri:0, instance:Thread[Thread-3,5,main]]" name="VoiceACD_BTransfer_ToIRN_SameGroup" duration-ms="1" started-at="2017-09-21T10:01:05Z" finished-at="2017-09-21T10:01:05Z">
          <params>
            <param index="0">
              <value>
                <![CDATA[10]]>
              </value>
            </param>
            <param index="1">
              <value>
                <![CDATA[10]]>
              </value>
            </param>
            <param index="2">
              <value>
                <![CDATA[10]]>
              </value>
            </param>
            <param index="3">
              <value>
                <![CDATA[10]]>
              </value>
            </param>
            <param index="4">
              <value>
                <![CDATA[10]]>
              </value>
            </param>
          </params>
          <reporter-output>
          </reporter-output>
        </test-method> <!-- VoiceACD_BTransfer_ToIRN_SameGroup -->
        <test-method status="SKIP" signature="VoiceACD_BTransfer_ToIRN_DifferentGroup(int, int, int, int, int)[pri:0, instance:Thread[Thread-3,5,main]]" name="VoiceACD_BTransfer_ToIRN_DifferentGroup" duration-ms="1" started-at="2017-09-21T10:01:05Z" finished-at="2017-09-21T10:01:05Z">
          <params>
            <param index="0">
              <value>
                <![CDATA[10]]>
              </value>
            </param>
            <param index="1">
              <value>
                <![CDATA[10]]>
              </value>
            </param>
            <param index="2">
              <value>
                <![CDATA[10]]>
              </value>
            </param>
            <param index="3">
              <value>
                <![CDATA[10]]>
              </value>
            </param>
            <param index="4">
              <value>
                <![CDATA[10]]>
              </value>
            </param>
          </params>
          <reporter-output>
          </reporter-output>
        </test-method> <!-- VoiceACD_BTransfer_ToIRN_DifferentGroup -->
        <test-method status="SKIP" signature="VoiceACD_BTransfer_ToIRN_AQ(int, int, int, int, int)[pri:0, instance:Thread[Thread-3,5,main]]" name="VoiceACD_BTransfer_ToIRN_AQ" duration-ms="1" started-at="2017-09-21T10:01:05Z" finished-at="2017-09-21T10:01:05Z">
          <params>
            <param index="0">
              <value>
                <![CDATA[10]]>
              </value>
            </param>
            <param index="1">
              <value>
                <![CDATA[10]]>
              </value>
            </param>
            <param index="2">
              <value>
                <![CDATA[10]]>
              </value>
            </param>
            <param index="3">
              <value>
                <![CDATA[10]]>
              </value>
            </param>
            <param index="4">
              <value>
                <![CDATA[10]]>
              </value>
            </param>
          </params>
          <reporter-output>
          </reporter-output>
        </test-method> <!-- VoiceACD_BTransfer_ToIRN_AQ -->
        <test-method status="SKIP" signature="VoiceACD_CTransfer_ToExt_SameGroup(int, int, int, int, int)[pri:0, instance:Thread[Thread-3,5,main]]" name="VoiceACD_CTransfer_ToExt_SameGroup" duration-ms="2" started-at="2017-09-21T10:01:05Z" finished-at="2017-09-21T10:01:05Z">
          <params>
            <param index="0">
              <value>
                <![CDATA[10]]>
              </value>
            </param>
            <param index="1">
              <value>
                <![CDATA[10]]>
              </value>
            </param>
            <param index="2">
              <value>
                <![CDATA[10]]>
              </value>
            </param>
            <param index="3">
              <value>
                <![CDATA[10]]>
              </value>
            </param>
            <param index="4">
              <value>
                <![CDATA[10]]>
              </value>
            </param>
          </params>
          <reporter-output>
          </reporter-output>
        </test-method> <!-- VoiceACD_CTransfer_ToExt_SameGroup -->
        <test-method status="SKIP" signature="VoiceACD_CTransfer_ToExt_DifferentGroup(int, int, int, int)[pri:0, instance:Thread[Thread-3,5,main]]" name="VoiceACD_CTransfer_ToExt_DifferentGroup" duration-ms="1" started-at="2017-09-21T10:01:05Z" finished-at="2017-09-21T10:01:05Z">
          <params>
            <param index="0">
              <value>
                <![CDATA[10]]>
              </value>
            </param>
            <param index="1">
              <value>
                <![CDATA[10]]>
              </value>
            </param>
            <param index="2">
              <value>
                <![CDATA[10]]>
              </value>
            </param>
            <param index="3">
              <value>
                <![CDATA[10]]>
              </value>
            </param>
          </params>
          <reporter-output>
          </reporter-output>
        </test-method> <!-- VoiceACD_CTransfer_ToExt_DifferentGroup -->
        <test-method status="SKIP" signature="VoiceACD_CTransfer_ToExternal(int, int, int, int)[pri:0, instance:Thread[Thread-3,5,main]]" name="VoiceACD_CTransfer_ToExternal" duration-ms="0" started-at="2017-09-21T10:01:05Z" finished-at="2017-09-21T10:01:05Z">
          <params>
            <param index="0">
              <value>
                <![CDATA[10]]>
              </value>
            </param>
            <param index="1">
              <value>
                <![CDATA[10]]>
              </value>
            </param>
            <param index="2">
              <value>
                <![CDATA[10]]>
              </value>
            </param>
            <param index="3">
              <value>
                <![CDATA[10]]>
              </value>
            </param>
          </params>
          <reporter-output>
          </reporter-output>
        </test-method> <!-- VoiceACD_CTransfer_ToExternal -->
        <test-method status="SKIP" signature="VoiceACD_CTransfer_ToIRN_SameGroup(int, int, int, int, int)[pri:0, instance:Thread[Thread-3,5,main]]" name="VoiceACD_CTransfer_ToIRN_SameGroup" duration-ms="1" started-at="2017-09-21T10:01:05Z" finished-at="2017-09-21T10:01:05Z">
          <params>
            <param index="0">
              <value>
                <![CDATA[10]]>
              </value>
            </param>
            <param index="1">
              <value>
                <![CDATA[10]]>
              </value>
            </param>
            <param index="2">
              <value>
                <![CDATA[10]]>
              </value>
            </param>
            <param index="3">
              <value>
                <![CDATA[10]]>
              </value>
            </param>
            <param index="4">
              <value>
                <![CDATA[10]]>
              </value>
            </param>
          </params>
          <reporter-output>
          </reporter-output>
        </test-method> <!-- VoiceACD_CTransfer_ToIRN_SameGroup -->
        <test-method status="SKIP" signature="VoiceACD_CTransfer_ToIRN_DifferentGroup(int, int, int, int, int)[pri:0, instance:Thread[Thread-3,5,main]]" name="VoiceACD_CTransfer_ToIRN_DifferentGroup" duration-ms="2" started-at="2017-09-21T10:01:05Z" finished-at="2017-09-21T10:01:05Z">
          <params>
            <param index="0">
              <value>
                <![CDATA[10]]>
              </value>
            </param>
            <param index="1">
              <value>
                <![CDATA[10]]>
              </value>
            </param>
            <param index="2">
              <value>
                <![CDATA[10]]>
              </value>
            </param>
            <param index="3">
              <value>
                <![CDATA[10]]>
              </value>
            </param>
            <param index="4">
              <value>
                <![CDATA[10]]>
              </value>
            </param>
          </params>
          <reporter-output>
          </reporter-output>
        </test-method> <!-- VoiceACD_CTransfer_ToIRN_DifferentGroup -->
        <test-method status="SKIP" signature="VoiceACD_BTransfer_ToExt_SameGroup_byName(int, int, int, int, int)[pri:0, instance:Thread[Thread-3,5,main]]" name="VoiceACD_BTransfer_ToExt_SameGroup_byName" duration-ms="1" started-at="2017-09-21T10:01:05Z" finished-at="2017-09-21T10:01:05Z">
          <params>
            <param index="0">
              <value>
                <![CDATA[10]]>
              </value>
            </param>
            <param index="1">
              <value>
                <![CDATA[10]]>
              </value>
            </param>
            <param index="2">
              <value>
                <![CDATA[10]]>
              </value>
            </param>
            <param index="3">
              <value>
                <![CDATA[10]]>
              </value>
            </param>
            <param index="4">
              <value>
                <![CDATA[10]]>
              </value>
            </param>
          </params>
          <reporter-output>
          </reporter-output>
        </test-method> <!-- VoiceACD_BTransfer_ToExt_SameGroup_byName -->
        <test-method status="SKIP" signature="VoiceACD_BTransfer_ToExt_DifferentGroup_byName(int, int, int, int)[pri:0, instance:Thread[Thread-3,5,main]]" name="VoiceACD_BTransfer_ToExt_DifferentGroup_byName" duration-ms="1" started-at="2017-09-21T10:01:05Z" finished-at="2017-09-21T10:01:05Z">
          <params>
            <param index="0">
              <value>
                <![CDATA[10]]>
              </value>
            </param>
            <param index="1">
              <value>
                <![CDATA[10]]>
              </value>
            </param>
            <param index="2">
              <value>
                <![CDATA[10]]>
              </value>
            </param>
            <param index="3">
              <value>
                <![CDATA[10]]>
              </value>
            </param>
          </params>
          <reporter-output>
          </reporter-output>
        </test-method> <!-- VoiceACD_BTransfer_ToExt_DifferentGroup_byName -->
        <test-method status="SKIP" signature="VoiceACD_CTransfer_ToExt_SameGroup_byName(int, int, int, int, int)[pri:0, instance:Thread[Thread-3,5,main]]" name="VoiceACD_CTransfer_ToExt_SameGroup_byName" duration-ms="1" started-at="2017-09-21T10:01:05Z" finished-at="2017-09-21T10:01:05Z">
          <params>
            <param index="0">
              <value>
                <![CDATA[10]]>
              </value>
            </param>
            <param index="1">
              <value>
                <![CDATA[10]]>
              </value>
            </param>
            <param index="2">
              <value>
                <![CDATA[10]]>
              </value>
            </param>
            <param index="3">
              <value>
                <![CDATA[10]]>
              </value>
            </param>
            <param index="4">
              <value>
                <![CDATA[10]]>
              </value>
            </param>
          </params>
          <reporter-output>
          </reporter-output>
        </test-method> <!-- VoiceACD_CTransfer_ToExt_SameGroup_byName -->
        <test-method status="SKIP" signature="VoiceACD_CTransfer_ToExt_DifferentGroup_byName(int, int, int, int)[pri:0, instance:Thread[Thread-3,5,main]]" name="VoiceACD_CTransfer_ToExt_DifferentGroup_byName" duration-ms="2" started-at="2017-09-21T10:01:05Z" finished-at="2017-09-21T10:01:05Z">
          <params>
            <param index="0">
              <value>
                <![CDATA[10]]>
              </value>
            </param>
            <param index="1">
              <value>
                <![CDATA[10]]>
              </value>
            </param>
            <param index="2">
              <value>
                <![CDATA[10]]>
              </value>
            </param>
            <param index="3">
              <value>
                <![CDATA[10]]>
              </value>
            </param>
          </params>
          <reporter-output>
          </reporter-output>
        </test-method> <!-- VoiceACD_CTransfer_ToExt_DifferentGroup_byName -->
        <test-method status="SKIP" signature="afterClass()[pri:0, instance:Thread[Thread-3,5,main]]" name="afterClass" is-config="true" duration-ms="0" started-at="2017-09-21T10:01:05Z" finished-at="2017-09-21T10:01:05Z">
          <reporter-output>
          </reporter-output>
        </test-method> <!-- afterClass -->
      </class> <!-- HBTestesNG.TestCases.Test_VoiceACD_Transfer -->
      <class name="HBTestesNG.TestCases.Test_VoiceACD_Transfer_WrapTimeZero">
        <test-method status="SKIP" signature="beforeClass()[pri:0, instance:Thread[Thread-4,5,main]]" name="beforeClass" is-config="true" duration-ms="0" started-at="2017-09-21T10:01:05Z" finished-at="2017-09-21T10:01:05Z">
          <exception class="org.testng.SkipException">
            <message>
              <![CDATA[Skipping InitializeAllVariables()]]>
            </message>
            <full-stacktrace>
              <![CDATA[org.testng.SkipException: Skipping InitializeAllVariables()
	at HBTestesNG.BaseObjects.TestCaseObject.InitializeAllVariables(TestCaseObject.java:43)
	at HBTestesNG.TestCases.Test_VoiceACD_Transfer_WrapTimeZero.beforeClass(Test_VoiceACD_Transfer_WrapTimeZero.java:20)
	at sun.reflect.NativeMethodAccessorImpl.invoke0(Native Method)
	at sun.reflect.NativeMethodAccessorImpl.invoke(Unknown Source)
	at sun.reflect.DelegatingMethodAccessorImpl.invoke(Unknown Source)
	at java.lang.reflect.Method.invoke(Unknown Source)
	at org.testng.internal.MethodInvocationHelper.invokeMethod(MethodInvocationHelper.java:85)
	at org.testng.internal.Invoker.invokeConfigurationMethod(Invoker.java:510)
	at org.testng.internal.Invoker.invokeConfigurations(Invoker.java:211)
	at org.testng.internal.Invoker.invokeConfigurations(Invoker.java:138)
	at org.testng.internal.TestMethodWorker.invokeBeforeClassMethods(TestMethodWorker.java:170)
	at org.testng.internal.TestMethodWorker.run(TestMethodWorker.java:104)
	at org.testng.TestRunner.privateRun(TestRunner.java:774)
	at org.testng.TestRunner.run(TestRunner.java:624)
	at org.testng.SuiteRunner.runTest(SuiteRunner.java:359)
	at org.testng.SuiteRunner.runSequentially(SuiteRunner.java:354)
	at org.testng.SuiteRunner.privateRun(SuiteRunner.java:312)
	at org.testng.SuiteRunner.run(SuiteRunner.java:261)
	at org.testng.SuiteRunnerWorker.runSuite(SuiteRunnerWorker.java:52)
	at org.testng.SuiteRunnerWorker.run(SuiteRunnerWorker.java:86)
	at org.testng.TestNG.runSuitesSequentially(TestNG.java:1215)
	at org.testng.TestNG.runSuitesLocally(TestNG.java:1140)
	at org.testng.TestNG.run(TestNG.java:1048)
	at org.testng.remote.AbstractRemoteTestNG.run(AbstractRemoteTestNG.java:132)
	at org.testng.remote.RemoteTestNG.initAndRun(RemoteTestNG.java:230)
	at org.testng.remote.RemoteTestNG.main(RemoteTestNG.java:76)
]]>
            </full-stacktrace>
          </exception> <!-- org.testng.SkipException -->
          <reporter-output>
          </reporter-output>
        </test-method> <!-- beforeClass -->
        <test-method status="SKIP" signature="VoiceACD_BTransfer_ToExt_SameGroup(int, int, int, int, int)[pri:0, instance:Thread[Thread-4,5,main]]" name="VoiceACD_BTransfer_ToExt_SameGroup" duration-ms="1" started-at="2017-09-21T10:01:05Z" finished-at="2017-09-21T10:01:05Z">
          <params>
            <param index="0">
              <value>
                <![CDATA[10]]>
              </value>
            </param>
            <param index="1">
              <value>
                <![CDATA[10]]>
              </value>
            </param>
            <param index="2">
              <value>
                <![CDATA[10]]>
              </value>
            </param>
            <param index="3">
              <value>
                <![CDATA[10]]>
              </value>
            </param>
            <param index="4">
              <value>
                <![CDATA[10]]>
              </value>
            </param>
          </params>
          <reporter-output>
          </reporter-output>
        </test-method> <!-- VoiceACD_BTransfer_ToExt_SameGroup -->
        <test-method status="SKIP" signature="VoiceACD_BTransfer_ToExt_DifferentGroup(int, int, int, int)[pri:0, instance:Thread[Thread-4,5,main]]" name="VoiceACD_BTransfer_ToExt_DifferentGroup" duration-ms="1" started-at="2017-09-21T10:01:05Z" finished-at="2017-09-21T10:01:05Z">
          <params>
            <param index="0">
              <value>
                <![CDATA[10]]>
              </value>
            </param>
            <param index="1">
              <value>
                <![CDATA[10]]>
              </value>
            </param>
            <param index="2">
              <value>
                <![CDATA[10]]>
              </value>
            </param>
            <param index="3">
              <value>
                <![CDATA[10]]>
              </value>
            </param>
          </params>
          <reporter-output>
          </reporter-output>
        </test-method> <!-- VoiceACD_BTransfer_ToExt_DifferentGroup -->
        <test-method status="SKIP" signature="VoiceACD_BTransfer_ToExternal(int, int, int, int)[pri:0, instance:Thread[Thread-4,5,main]]" name="VoiceACD_BTransfer_ToExternal" duration-ms="1" started-at="2017-09-21T10:01:05Z" finished-at="2017-09-21T10:01:05Z">
          <params>
            <param index="0">
              <value>
                <![CDATA[10]]>
              </value>
            </param>
            <param index="1">
              <value>
                <![CDATA[10]]>
              </value>
            </param>
            <param index="2">
              <value>
                <![CDATA[10]]>
              </value>
            </param>
            <param index="3">
              <value>
                <![CDATA[10]]>
              </value>
            </param>
          </params>
          <reporter-output>
          </reporter-output>
        </test-method> <!-- VoiceACD_BTransfer_ToExternal -->
        <test-method status="SKIP" signature="VoiceACD_BTransfer_ToIRN_SameGroup(int, int, int, int, int)[pri:0, instance:Thread[Thread-4,5,main]]" name="VoiceACD_BTransfer_ToIRN_SameGroup" duration-ms="1" started-at="2017-09-21T10:01:05Z" finished-at="2017-09-21T10:01:05Z">
          <params>
            <param index="0">
              <value>
                <![CDATA[10]]>
              </value>
            </param>
            <param index="1">
              <value>
                <![CDATA[10]]>
              </value>
            </param>
            <param index="2">
              <value>
                <![CDATA[10]]>
              </value>
            </param>
            <param index="3">
              <value>
                <![CDATA[10]]>
              </value>
            </param>
            <param index="4">
              <value>
                <![CDATA[10]]>
              </value>
            </param>
          </params>
          <reporter-output>
          </reporter-output>
        </test-method> <!-- VoiceACD_BTransfer_ToIRN_SameGroup -->
        <test-method status="SKIP" signature="VoiceACD_BTransfer_ToIRN_DifferentGroup(int, int, int, int, int)[pri:0, instance:Thread[Thread-4,5,main]]" name="VoiceACD_BTransfer_ToIRN_DifferentGroup" duration-ms="0" started-at="2017-09-21T10:01:05Z" finished-at="2017-09-21T10:01:05Z">
          <params>
            <param index="0">
              <value>
                <![CDATA[10]]>
              </value>
            </param>
            <param index="1">
              <value>
                <![CDATA[10]]>
              </value>
            </param>
            <param index="2">
              <value>
                <![CDATA[10]]>
              </value>
            </param>
            <param index="3">
              <value>
                <![CDATA[10]]>
              </value>
            </param>
            <param index="4">
              <value>
                <![CDATA[10]]>
              </value>
            </param>
          </params>
          <reporter-output>
          </reporter-output>
        </test-method> <!-- VoiceACD_BTransfer_ToIRN_DifferentGroup -->
        <test-method status="SKIP" signature="VoiceACD_CTransfer_ToExt_SameGroup(int, int, int, int, int)[pri:0, instance:Thread[Thread-4,5,main]]" name="VoiceACD_CTransfer_ToExt_SameGroup" duration-ms="1" started-at="2017-09-21T10:01:05Z" finished-at="2017-09-21T10:01:05Z">
          <params>
            <param index="0">
              <value>
                <![CDATA[10]]>
              </value>
            </param>
            <param index="1">
              <value>
                <![CDATA[10]]>
              </value>
            </param>
            <param index="2">
              <value>
                <![CDATA[10]]>
              </value>
            </param>
            <param index="3">
              <value>
                <![CDATA[10]]>
              </value>
            </param>
            <param index="4">
              <value>
                <![CDATA[10]]>
              </value>
            </param>
          </params>
          <reporter-output>
          </reporter-output>
        </test-method> <!-- VoiceACD_CTransfer_ToExt_SameGroup -->
        <test-method status="SKIP" signature="VoiceACD_CTransfer_ToExt_DifferentGroup(int, int, int, int)[pri:0, instance:Thread[Thread-4,5,main]]" name="VoiceACD_CTransfer_ToExt_DifferentGroup" duration-ms="1" started-at="2017-09-21T10:01:05Z" finished-at="2017-09-21T10:01:05Z">
          <params>
            <param index="0">
              <value>
                <![CDATA[10]]>
              </value>
            </param>
            <param index="1">
              <value>
                <![CDATA[10]]>
              </value>
            </param>
            <param index="2">
              <value>
                <![CDATA[10]]>
              </value>
            </param>
            <param index="3">
              <value>
                <![CDATA[10]]>
              </value>
            </param>
          </params>
          <reporter-output>
          </reporter-output>
        </test-method> <!-- VoiceACD_CTransfer_ToExt_DifferentGroup -->
        <test-method status="SKIP" signature="VoiceACD_CTransfer_ToExternal(int, int, int, int)[pri:0, instance:Thread[Thread-4,5,main]]" name="VoiceACD_CTransfer_ToExternal" duration-ms="0" started-at="2017-09-21T10:01:05Z" finished-at="2017-09-21T10:01:05Z">
          <params>
            <param index="0">
              <value>
                <![CDATA[10]]>
              </value>
            </param>
            <param index="1">
              <value>
                <![CDATA[10]]>
              </value>
            </param>
            <param index="2">
              <value>
                <![CDATA[10]]>
              </value>
            </param>
            <param index="3">
              <value>
                <![CDATA[10]]>
              </value>
            </param>
          </params>
          <reporter-output>
          </reporter-output>
        </test-method> <!-- VoiceACD_CTransfer_ToExternal -->
        <test-method status="SKIP" signature="VoiceACD_CTransfer_ToIRN_SameGroup(int, int, int, int, int)[pri:0, instance:Thread[Thread-4,5,main]]" name="VoiceACD_CTransfer_ToIRN_SameGroup" duration-ms="0" started-at="2017-09-21T10:01:05Z" finished-at="2017-09-21T10:01:05Z">
          <params>
            <param index="0">
              <value>
                <![CDATA[10]]>
              </value>
            </param>
            <param index="1">
              <value>
                <![CDATA[10]]>
              </value>
            </param>
            <param index="2">
              <value>
                <![CDATA[10]]>
              </value>
            </param>
            <param index="3">
              <value>
                <![CDATA[10]]>
              </value>
            </param>
            <param index="4">
              <value>
                <![CDATA[10]]>
              </value>
            </param>
          </params>
          <reporter-output>
          </reporter-output>
        </test-method> <!-- VoiceACD_CTransfer_ToIRN_SameGroup -->
        <test-method status="SKIP" signature="VoiceACD_CTransfer_ToIRN_DifferentGroup(int, int, int, int, int)[pri:0, instance:Thread[Thread-4,5,main]]" name="VoiceACD_CTransfer_ToIRN_DifferentGroup" duration-ms="2" started-at="2017-09-21T10:01:05Z" finished-at="2017-09-21T10:01:05Z">
          <params>
            <param index="0">
              <value>
                <![CDATA[10]]>
              </value>
            </param>
            <param index="1">
              <value>
                <![CDATA[10]]>
              </value>
            </param>
            <param index="2">
              <value>
                <![CDATA[10]]>
              </value>
            </param>
            <param index="3">
              <value>
                <![CDATA[10]]>
              </value>
            </param>
            <param index="4">
              <value>
                <![CDATA[10]]>
              </value>
            </param>
          </params>
          <reporter-output>
          </reporter-output>
        </test-method> <!-- VoiceACD_CTransfer_ToIRN_DifferentGroup -->
        <test-method status="SKIP" signature="afterClass()[pri:0, instance:Thread[Thread-4,5,main]]" name="afterClass" is-config="true" duration-ms="0" started-at="2017-09-21T10:01:05Z" finished-at="2017-09-21T10:01:05Z">
          <reporter-output>
          </reporter-output>
        </test-method> <!-- afterClass -->
      </class> <!-- HBTestesNG.TestCases.Test_VoiceACD_Transfer_WrapTimeZero -->
      <class name="HBTestesNG.TestCases.Test_VoiceACD_Basic">
        <test-method status="PASS" signature="beforeClass()[pri:0, instance:Thread[Thread-2,5,main]]" name="beforeClass" is-config="true" duration-ms="1" started-at="2017-09-21T09:57:56Z" finished-at="2017-09-21T09:57:56Z">
          <reporter-output>
          </reporter-output>
        </test-method> <!-- beforeClass -->
        <test-method status="PASS" signature="VoiceACD_NoQ_Answer(int, int, int)[pri:0, instance:Thread[Thread-2,5,main]]" name="VoiceACD_NoQ_Answer" duration-ms="88637" started-at="2017-09-21T09:57:56Z" finished-at="2017-09-21T09:59:25Z">
          <params>
            <param index="0">
              <value>
                <![CDATA[10]]>
              </value>
            </param>
            <param index="1">
              <value>
                <![CDATA[10]]>
              </value>
            </param>
            <param index="2">
              <value>
                <![CDATA[10]]>
              </value>
            </param>
          </params>
          <reporter-output>
          </reporter-output>
        </test-method> <!-- VoiceACD_NoQ_Answer -->
        <test-method status="PASS" signature="VoiceACD_Q_Answer(int, int, int, int)[pri:0, instance:Thread[Thread-2,5,main]]" name="VoiceACD_Q_Answer" duration-ms="98274" started-at="2017-09-21T09:59:25Z" finished-at="2017-09-21T10:01:03Z">
          <params>
            <param index="0">
              <value>
                <![CDATA[10]]>
              </value>
            </param>
            <param index="1">
              <value>
                <![CDATA[10]]>
              </value>
            </param>
            <param index="2">
              <value>
                <![CDATA[10]]>
              </value>
            </param>
            <param index="3">
              <value>
                <![CDATA[10]]>
              </value>
            </param>
          </params>
          <reporter-output>
          </reporter-output>
        </test-method> <!-- VoiceACD_Q_Answer -->
        <test-method status="SKIP" signature="VoiceACD_NoQ_Answer_NoWrapTime(int, int)[pri:0, instance:Thread[Thread-2,5,main]]" name="VoiceACD_NoQ_Answer_NoWrapTime" duration-ms="2002" started-at="2017-09-21T10:01:03Z" finished-at="2017-09-21T10:01:05Z">
          <params>
            <param index="0">
              <value>
                <![CDATA[10]]>
              </value>
            </param>
            <param index="1">
              <value>
                <![CDATA[10]]>
              </value>
            </param>
          </params>
          <exception class="org.testng.SkipException">
            <message>
              <![CDATA[Skipping because user want to end test => VoiceACD->NoQ->Answered with No Wrap time]]>
            </message>
            <full-stacktrace>
              <![CDATA[org.testng.SkipException: Skipping because user want to end test => VoiceACD->NoQ->Answered with No Wrap time
	at HBTestesNG.BaseObjects.TestCaseObject.skipTest(TestCaseObject.java:428)
	at HBTestesNG.TestCases.Test_VoiceACD_Basic.VoiceACD_NoQ_Answer_NoWrapTime(Test_VoiceACD_Basic.java:95)
	at sun.reflect.NativeMethodAccessorImpl.invoke0(Native Method)
	at sun.reflect.NativeMethodAccessorImpl.invoke(Unknown Source)
	at sun.reflect.DelegatingMethodAccessorImpl.invoke(Unknown Source)
	at java.lang.reflect.Method.invoke(Unknown Source)
	at org.testng.internal.MethodInvocationHelper.invokeMethod(MethodInvocationHelper.java:85)
	at org.testng.internal.Invoker.invokeMethod(Invoker.java:639)
	at org.testng.internal.Invoker.invokeTestMethod(Invoker.java:816)
	at org.testng.internal.Invoker.invokeTestMethods(Invoker.java:1124)
	at org.testng.internal.TestMethodWorker.invokeTestMethods(TestMethodWorker.java:125)
	at org.testng.internal.TestMethodWorker.run(TestMethodWorker.java:108)
	at org.testng.TestRunner.privateRun(TestRunner.java:774)
	at org.testng.TestRunner.run(TestRunner.java:624)
	at org.testng.SuiteRunner.runTest(SuiteRunner.java:359)
	at org.testng.SuiteRunner.runSequentially(SuiteRunner.java:354)
	at org.testng.SuiteRunner.privateRun(SuiteRunner.java:312)
	at org.testng.SuiteRunner.run(SuiteRunner.java:261)
	at org.testng.SuiteRunnerWorker.runSuite(SuiteRunnerWorker.java:52)
	at org.testng.SuiteRunnerWorker.run(SuiteRunnerWorker.java:86)
	at org.testng.TestNG.runSuitesSequentially(TestNG.java:1215)
	at org.testng.TestNG.runSuitesLocally(TestNG.java:1140)
	at org.testng.TestNG.run(TestNG.java:1048)
	at org.testng.remote.AbstractRemoteTestNG.run(AbstractRemoteTestNG.java:132)
	at org.testng.remote.RemoteTestNG.initAndRun(RemoteTestNG.java:230)
	at org.testng.remote.RemoteTestNG.main(RemoteTestNG.java:76)
]]>
            </full-stacktrace>
          </exception> <!-- org.testng.SkipException -->
          <reporter-output>
          </reporter-output>
        </test-method> <!-- VoiceACD_NoQ_Answer_NoWrapTime -->
        <test-method status="PASS" signature="afterClass()[pri:0, instance:Thread[Thread-2,5,main]]" name="afterClass" is-config="true" duration-ms="0" started-at="2017-09-21T10:01:05Z" finished-at="2017-09-21T10:01:05Z">
          <reporter-output>
          </reporter-output>
        </test-method> <!-- afterClass -->
      </class> <!-- HBTestesNG.TestCases.Test_VoiceACD_Basic -->
      <class name="HBTestesNG.TestCases.Test_VoiceACD_Conference">
        <test-method status="SKIP" signature="beforeClass()[pri:0, instance:Thread[Thread-5,5,main]]" name="beforeClass" is-config="true" duration-ms="0" started-at="2017-09-21T10:01:05Z" finished-at="2017-09-21T10:01:05Z">
          <exception class="org.testng.SkipException">
            <message>
              <![CDATA[Skipping InitializeAllVariables()]]>
            </message>
            <full-stacktrace>
              <![CDATA[org.testng.SkipException: Skipping InitializeAllVariables()
	at HBTestesNG.BaseObjects.TestCaseObject.InitializeAllVariables(TestCaseObject.java:43)
	at HBTestesNG.TestCases.Test_VoiceACD_Conference.beforeClass(Test_VoiceACD_Conference.java:24)
	at sun.reflect.NativeMethodAccessorImpl.invoke0(Native Method)
	at sun.reflect.NativeMethodAccessorImpl.invoke(Unknown Source)
	at sun.reflect.DelegatingMethodAccessorImpl.invoke(Unknown Source)
	at java.lang.reflect.Method.invoke(Unknown Source)
	at org.testng.internal.MethodInvocationHelper.invokeMethod(MethodInvocationHelper.java:85)
	at org.testng.internal.Invoker.invokeConfigurationMethod(Invoker.java:510)
	at org.testng.internal.Invoker.invokeConfigurations(Invoker.java:211)
	at org.testng.internal.Invoker.invokeConfigurations(Invoker.java:138)
	at org.testng.internal.TestMethodWorker.invokeBeforeClassMethods(TestMethodWorker.java:170)
	at org.testng.internal.TestMethodWorker.run(TestMethodWorker.java:104)
	at org.testng.TestRunner.privateRun(TestRunner.java:774)
	at org.testng.TestRunner.run(TestRunner.java:624)
	at org.testng.SuiteRunner.runTest(SuiteRunner.java:359)
	at org.testng.SuiteRunner.runSequentially(SuiteRunner.java:354)
	at org.testng.SuiteRunner.privateRun(SuiteRunner.java:312)
	at org.testng.SuiteRunner.run(SuiteRunner.java:261)
	at org.testng.SuiteRunnerWorker.runSuite(SuiteRunnerWorker.java:52)
	at org.testng.SuiteRunnerWorker.run(SuiteRunnerWorker.java:86)
	at org.testng.TestNG.runSuitesSequentially(TestNG.java:1215)
	at org.testng.TestNG.runSuitesLocally(TestNG.java:1140)
	at org.testng.TestNG.run(TestNG.java:1048)
	at org.testng.remote.AbstractRemoteTestNG.run(AbstractRemoteTestNG.java:132)
	at org.testng.remote.RemoteTestNG.initAndRun(RemoteTestNG.java:230)
	at org.testng.remote.RemoteTestNG.main(RemoteTestNG.java:76)
]]>
            </full-stacktrace>
          </exception> <!-- org.testng.SkipException -->
          <reporter-output>
          </reporter-output>
        </test-method> <!-- beforeClass -->
        <test-method status="SKIP" signature="VoiceACD_CConference_ToExt_DifferentGroup(int, int, int, int)[pri:0, instance:Thread[Thread-5,5,main]]" name="VoiceACD_CConference_ToExt_DifferentGroup" duration-ms="0" started-at="2017-09-21T10:01:05Z" finished-at="2017-09-21T10:01:05Z">
          <params>
            <param index="0">
              <value>
                <![CDATA[10]]>
              </value>
            </param>
            <param index="1">
              <value>
                <![CDATA[10]]>
              </value>
            </param>
            <param index="2">
              <value>
                <![CDATA[10]]>
              </value>
            </param>
            <param index="3">
              <value>
                <![CDATA[10]]>
              </value>
            </param>
          </params>
          <reporter-output>
          </reporter-output>
        </test-method> <!-- VoiceACD_CConference_ToExt_DifferentGroup -->
        <test-method status="SKIP" signature="VoiceACD_CConference_ToExt_SameGroup(int, int, int, int, int)[pri:0, instance:Thread[Thread-5,5,main]]" name="VoiceACD_CConference_ToExt_SameGroup" duration-ms="1" started-at="2017-09-21T10:01:05Z" finished-at="2017-09-21T10:01:05Z">
          <params>
            <param index="0">
              <value>
                <![CDATA[10]]>
              </value>
            </param>
            <param index="1">
              <value>
                <![CDATA[10]]>
              </value>
            </param>
            <param index="2">
              <value>
                <![CDATA[10]]>
              </value>
            </param>
            <param index="3">
              <value>
                <![CDATA[10]]>
              </value>
            </param>
            <param index="4">
              <value>
                <![CDATA[10]]>
              </value>
            </param>
          </params>
          <reporter-output>
          </reporter-output>
        </test-method> <!-- VoiceACD_CConference_ToExt_SameGroup -->
        <test-method status="SKIP" signature="VoiceACD_CConference_ToIRN_DifferentGroup(int, int, int, int, int)[pri:0, instance:Thread[Thread-5,5,main]]" name="VoiceACD_CConference_ToIRN_DifferentGroup" duration-ms="1" started-at="2017-09-21T10:01:05Z" finished-at="2017-09-21T10:01:05Z">
          <params>
            <param index="0">
              <value>
                <![CDATA[10]]>
              </value>
            </param>
            <param index="1">
              <value>
                <![CDATA[10]]>
              </value>
            </param>
            <param index="2">
              <value>
                <![CDATA[10]]>
              </value>
            </param>
            <param index="3">
              <value>
                <![CDATA[10]]>
              </value>
            </param>
            <param index="4">
              <value>
                <![CDATA[10]]>
              </value>
            </param>
          </params>
          <reporter-output>
          </reporter-output>
        </test-method> <!-- VoiceACD_CConference_ToIRN_DifferentGroup -->
        <test-method status="SKIP" signature="VoiceACD_CConference_ToIRN_SameGroup(int, int, int, int, int)[pri:0, instance:Thread[Thread-5,5,main]]" name="VoiceACD_CConference_ToIRN_SameGroup" duration-ms="0" started-at="2017-09-21T10:01:05Z" finished-at="2017-09-21T10:01:05Z">
          <params>
            <param index="0">
              <value>
                <![CDATA[10]]>
              </value>
            </param>
            <param index="1">
              <value>
                <![CDATA[10]]>
              </value>
            </param>
            <param index="2">
              <value>
                <![CDATA[10]]>
              </value>
            </param>
            <param index="3">
              <value>
                <![CDATA[10]]>
              </value>
            </param>
            <param index="4">
              <value>
                <![CDATA[10]]>
              </value>
            </param>
          </params>
          <reporter-output>
          </reporter-output>
        </test-method> <!-- VoiceACD_CConference_ToIRN_SameGroup -->
        <test-method status="SKIP" signature="VoiceACD_CConference_ToExternal(int, int, int, int)[pri:0, instance:Thread[Thread-5,5,main]]" name="VoiceACD_CConference_ToExternal" duration-ms="0" started-at="2017-09-21T10:01:05Z" finished-at="2017-09-21T10:01:05Z">
          <params>
            <param index="0">
              <value>
                <![CDATA[10]]>
              </value>
            </param>
            <param index="1">
              <value>
                <![CDATA[10]]>
              </value>
            </param>
            <param index="2">
              <value>
                <![CDATA[10]]>
              </value>
            </param>
            <param index="3">
              <value>
                <![CDATA[10]]>
              </value>
            </param>
          </params>
          <reporter-output>
          </reporter-output>
        </test-method> <!-- VoiceACD_CConference_ToExternal -->
        <test-method status="SKIP" signature="VoiceACD_CConference_ToExt_DifferentGroup_byName(int, int, int, int)[pri:0, instance:Thread[Thread-5,5,main]]" name="VoiceACD_CConference_ToExt_DifferentGroup_byName" duration-ms="0" started-at="2017-09-21T10:01:05Z" finished-at="2017-09-21T10:01:05Z">
          <params>
            <param index="0">
              <value>
                <![CDATA[10]]>
              </value>
            </param>
            <param index="1">
              <value>
                <![CDATA[10]]>
              </value>
            </param>
            <param index="2">
              <value>
                <![CDATA[10]]>
              </value>
            </param>
            <param index="3">
              <value>
                <![CDATA[10]]>
              </value>
            </param>
          </params>
          <reporter-output>
          </reporter-output>
        </test-method> <!-- VoiceACD_CConference_ToExt_DifferentGroup_byName -->
        <test-method status="SKIP" signature="VoiceACD_CConference_ToExt_SameGroup_byName(int, int, int, int, int)[pri:0, instance:Thread[Thread-5,5,main]]" name="VoiceACD_CConference_ToExt_SameGroup_byName" duration-ms="0" started-at="2017-09-21T10:01:05Z" finished-at="2017-09-21T10:01:05Z">
          <params>
            <param index="0">
              <value>
                <![CDATA[10]]>
              </value>
            </param>
            <param index="1">
              <value>
                <![CDATA[10]]>
              </value>
            </param>
            <param index="2">
              <value>
                <![CDATA[10]]>
              </value>
            </param>
            <param index="3">
              <value>
                <![CDATA[10]]>
              </value>
            </param>
            <param index="4">
              <value>
                <![CDATA[10]]>
              </value>
            </param>
          </params>
          <reporter-output>
          </reporter-output>
        </test-method> <!-- VoiceACD_CConference_ToExt_SameGroup_byName -->
        <test-method status="SKIP" signature="VoiceACD_CConference_All(int, int, int, int, int)[pri:0, instance:Thread[Thread-5,5,main]]" name="VoiceACD_CConference_All" duration-ms="0" started-at="2017-09-21T10:01:05Z" finished-at="2017-09-21T10:01:05Z">
          <params>
            <param index="0">
              <value>
                <![CDATA[10]]>
              </value>
            </param>
            <param index="1">
              <value>
                <![CDATA[10]]>
              </value>
            </param>
            <param index="2">
              <value>
                <![CDATA[10]]>
              </value>
            </param>
            <param index="3">
              <value>
                <![CDATA[10]]>
              </value>
            </param>
            <param index="4">
              <value>
                <![CDATA[10]]>
              </value>
            </param>
          </params>
          <reporter-output>
          </reporter-output>
        </test-method> <!-- VoiceACD_CConference_All -->
        <test-method status="SKIP" signature="afterClass()[pri:0, instance:Thread[Thread-5,5,main]]" name="afterClass" is-config="true" duration-ms="0" started-at="2017-09-21T10:01:05Z" finished-at="2017-09-21T10:01:05Z">
          <reporter-output>
          </reporter-output>
        </test-method> <!-- afterClass -->
      </class> <!-- HBTestesNG.TestCases.Test_VoiceACD_Conference -->
    </test> <!-- VoiceACD Scenarios -->
  </suite> <!-- Test HB Suite -->
</testng-results>
