<?xml version="1.0" encoding="UTF-8"?>
<!-- Generated by org.testng.reporters.JUnitXMLReporter -->
<testsuite hostname="ynohW8-64b-one" name="Creating CCDirector Entities" tests="1" failures="0" timestamp="21 Jul 2017 23:29:22 GMT" time="0.032" errors="0">
  <testcase name="@BeforeSuite beforeSuite" time="0.0" classname="TestCases.Test_Prepare">
    <failure type="java.lang.IndexOutOfBoundsException" message="Index: 1, Size: 1">
      <![CDATA[java.lang.IndexOutOfBoundsException: Index: 1, Size: 1
	at java.util.ArrayList.rangeCheck(Unknown Source)
	at java.util.ArrayList.get(Unknown Source)
	at Actors.AllEntities.readTestPropertyINI_ForHBSuper(AllEntities.java:145)
	at Actors.AllEntities.initiateAllActors(AllEntities.java:52)
	at Actors.AllEntities.<init>(AllEntities.java:32)
	at TestCases.Test_Prepare.beforeSuite(Test_Prepare.java:25)
... Removed 18 stack frames]]>
    </failure>
  </testcase> <!-- @BeforeSuite beforeSuite -->
  <testcase name="@BeforeClass beforeClass" time="0.0" classname="TestCases.Test_HBDirector">
    <skipped/>
  </testcase> <!-- @BeforeClass beforeClass -->
  <testcase name="@AfterClass afterClass" time="0.0" classname="TestCases.Test_HBDirector">
    <skipped/>
  </testcase> <!-- @AfterClass afterClass -->
  <testcase name="CCDirector_CreateAgents on Thread[Thread-1,5,main]" time="0.0" classname="TestCases.Test_HBDirector">
    <skipped/>
  </testcase> <!-- CCDirector_CreateAgents on Thread[Thread-1,5,main] -->
</testsuite> <!-- Creating CCDirector Entities -->
