<?xml version="1.0" encoding="UTF-8"?>
<!-- Generated by org.testng.reporters.JUnitXMLReporter -->
<testsuite hostname="ynohW8-64b-one" name="VoiceACD Scenarios" tests="1" failures="1" timestamp="14 Aug 2017 21:21:29 GMT" time="2125.85" errors="0">
  <testcase name="VoiceACD_CConference_All on Thread[Thread-4,5,main]" time="2125.835" classname="HBTestesNG.TestCases.Test_VoiceACD_Conference">
    <failure type="java.lang.AssertionError" message="
** Testcase Failed: VoiceACD-&amp;gt;Ans-&amp;gt;Consult Conference : All test cases

">
      <![CDATA[java.lang.AssertionError: 
** Testcase Failed: VoiceACD->Ans->Consult Conference : All test cases


	at HBTestesNG.BaseObjects.TestCaseObject.resetAllActors(TestCaseObject.java:261)
	at HBTestesNG.TestCases.Test_VoiceACD_Conference.VoiceACD_CConference_All(Test_VoiceACD_Conference.java:312)
... Removed 25 stack frames]]>
    </failure>
  </testcase> <!-- VoiceACD_CConference_All on Thread[Thread-4,5,main] -->
</testsuite> <!-- VoiceACD Scenarios -->
