<?xml version="1.0" encoding="UTF-8"?>
<!-- Generated by org.testng.reporters.JUnitXMLReporter -->
<testsuite hostname="ynohW8-64b-one" name="VoiceACD Scenarios" tests="43" failures="4" timestamp="27 Oct 2017 17:06:20 GMT" time="692.932" errors="0">
  <testcase name="@BeforeClass beforeClass" time="0.0" classname="HBTestesNG.TestCases.Test_VoiceACD_Transfer_WrapTimeZero">
    <skipped/>
  </testcase> <!-- @BeforeClass beforeClass -->
  <testcase name="@AfterClass afterClass" time="0.0" classname="HBTestesNG.TestCases.Test_VoiceACD_Transfer_WrapTimeZero">
    <skipped/>
  </testcase> <!-- @AfterClass afterClass -->
  <testcase name="@BeforeClass beforeClass" time="0.0" classname="HBTestesNG.TestCases.Test_VoiceACD_Conference">
    <skipped/>
  </testcase> <!-- @BeforeClass beforeClass -->
  <testcase name="@AfterClass afterClass" time="0.0" classname="HBTestesNG.TestCases.Test_VoiceACD_Conference">
    <skipped/>
  </testcase> <!-- @AfterClass afterClass -->
  <testcase name="@BeforeClass beforeClass" time="0.0" classname="HBTestesNG.TestCases.Test_VoiceACD_Conference_WrapTimeZero">
    <skipped/>
  </testcase> <!-- @BeforeClass beforeClass -->
  <testcase name="@AfterClass afterClass" time="0.0" classname="HBTestesNG.TestCases.Test_VoiceACD_Conference_WrapTimeZero">
    <skipped/>
  </testcase> <!-- @AfterClass afterClass -->
  <testcase name="VoiceACD_Q_Abandon on Thread[Thread-1,5,main]" time="61.046" classname="HBTestesNG.TestCases.Test_Preparation"/>
  <testcase name="VoiceACD_Q_Answer on Thread[Thread-1,5,main]" time="135.345" classname="HBTestesNG.TestCases.Test_Preparation">
    <failure type="java.lang.AssertionError" message="VoiceACD-&amp;gt;Q-&amp;gt;Answered has failed because =&amp;gt; [agent4yc1@c1yc1.com: AIC shows Released but still reads &amp;quot; Start taking reauests &amp;quot;, agent1yc1@c1yc1.com: AIC shows Released but still reads &amp;quot; Start taking reauests &amp;quot;] expected [true] but found [false]">
      <![CDATA[java.lang.AssertionError: VoiceACD->Q->Answered has failed because => [agent4yc1@c1yc1.com: AIC shows Released but still reads " Start taking reauests ", agent1yc1@c1yc1.com: AIC shows Released but still reads " Start taking reauests "] expected [true] but found [false]
	at HBTestesNG.BaseObjects.TestCaseObject.failTest(TestCaseObject.java:440)
	at HBTestesNG.BaseObjects.TestCaseObject.endTestCase(TestCaseObject.java:218)
	at HBTestesNG.TestCases.Test_Preparation.VoiceACD_Q_Answer(Test_Preparation.java:95)
... Removed 27 stack frames]]>
    </failure>
  </testcase> <!-- VoiceACD_Q_Answer on Thread[Thread-1,5,main] -->
  <testcase name="VoiceACD_NoQ_Answer on Thread[Thread-2,5,main]" time="98.458" classname="HBTestesNG.TestCases.Test_VoiceACD_Basic">
    <failure type="java.lang.AssertionError" message="VoiceACD-&amp;gt;NoQ-&amp;gt;Answered has failed because =&amp;gt; [agent2yc1@c1yc1.com: AIC shows idle but still reads &amp;quot; Stop taking requests &amp;quot;] expected [true] but found [false]">
      <![CDATA[java.lang.AssertionError: VoiceACD->NoQ->Answered has failed because => [agent2yc1@c1yc1.com: AIC shows idle but still reads " Stop taking requests "] expected [true] but found [false]
	at HBTestesNG.BaseObjects.TestCaseObject.failTest(TestCaseObject.java:440)
	at HBTestesNG.BaseObjects.TestCaseObject.endTestCase(TestCaseObject.java:218)
	at HBTestesNG.TestCases.Test_VoiceACD_Basic.VoiceACD_NoQ_Answer(Test_VoiceACD_Basic.java:58)
... Removed 27 stack frames]]>
    </failure>
  </testcase> <!-- VoiceACD_NoQ_Answer on Thread[Thread-2,5,main] -->
  <testcase name="VoiceACD_Q_Answer on Thread[Thread-2,5,main]" time="126.144" classname="HBTestesNG.TestCases.Test_VoiceACD_Basic">
    <failure type="java.lang.AssertionError" message="VoiceACD-&amp;gt;Q-&amp;gt;Answered has failed because =&amp;gt; [agent1yc1@c1yc1.com: AIC shows idle but still reads &amp;quot; Stop taking requests &amp;quot;, agent1yc1@c1yc1.com: AIC shows Released but still reads &amp;quot; Start taking reauests &amp;quot;] expected [true] but found [false]">
      <![CDATA[java.lang.AssertionError: VoiceACD->Q->Answered has failed because => [agent1yc1@c1yc1.com: AIC shows idle but still reads " Stop taking requests ", agent1yc1@c1yc1.com: AIC shows Released but still reads " Start taking reauests "] expected [true] but found [false]
	at HBTestesNG.BaseObjects.TestCaseObject.failTest(TestCaseObject.java:440)
	at HBTestesNG.BaseObjects.TestCaseObject.endTestCase(TestCaseObject.java:218)
	at HBTestesNG.TestCases.Test_VoiceACD_Basic.VoiceACD_Q_Answer(Test_VoiceACD_Basic.java:88)
... Removed 27 stack frames]]>
    </failure>
  </testcase> <!-- VoiceACD_Q_Answer on Thread[Thread-2,5,main] -->
  <testcase name="VoiceACD_NoQ_Answer_NoWrapTime on Thread[Thread-2,5,main]" time="148.41" classname="HBTestesNG.TestCases.Test_VoiceACD_Basic">
    <failure type="java.lang.AssertionError" message="VoiceACD-&amp;gt;NoQ-&amp;gt;Answered with No Wrap time has failed because =&amp;gt; [agent2yc1@c1yc1.com: AIC shows idle but still reads &amp;quot; Stop taking requests &amp;quot;] expected [true] but found [false]">
      <![CDATA[java.lang.AssertionError: VoiceACD->NoQ->Answered with No Wrap time has failed because => [agent2yc1@c1yc1.com: AIC shows idle but still reads " Stop taking requests "] expected [true] but found [false]
	at HBTestesNG.BaseObjects.TestCaseObject.failTest(TestCaseObject.java:440)
	at HBTestesNG.BaseObjects.TestCaseObject.endTestCase(TestCaseObject.java:218)
	at HBTestesNG.TestCases.Test_VoiceACD_Basic.VoiceACD_NoQ_Answer_NoWrapTime(Test_VoiceACD_Basic.java:117)
... Removed 27 stack frames]]>
    </failure>
  </testcase> <!-- VoiceACD_NoQ_Answer_NoWrapTime on Thread[Thread-2,5,main] -->
  <testcase name="VoiceACD_BTransfer_ToExt_SameGroup on Thread[Thread-3,5,main]" time="123.423" classname="HBTestesNG.TestCases.Test_VoiceACD_Transfer"/>
  <testcase name="VoiceACD_BTransfer_ToExt_DifferentGroup on Thread[Thread-3,5,main]" time="0.001" classname="HBTestesNG.TestCases.Test_VoiceACD_Transfer">
    <skipped/>
  </testcase> <!-- VoiceACD_BTransfer_ToExt_DifferentGroup on Thread[Thread-3,5,main] -->
  <testcase name="VoiceACD_BTransfer_ToExternal on Thread[Thread-3,5,main]" time="0.001" classname="HBTestesNG.TestCases.Test_VoiceACD_Transfer">
    <skipped/>
  </testcase> <!-- VoiceACD_BTransfer_ToExternal on Thread[Thread-3,5,main] -->
  <testcase name="VoiceACD_BTransfer_ToIRN_SameGroup on Thread[Thread-3,5,main]" time="0.001" classname="HBTestesNG.TestCases.Test_VoiceACD_Transfer">
    <skipped/>
  </testcase> <!-- VoiceACD_BTransfer_ToIRN_SameGroup on Thread[Thread-3,5,main] -->
  <testcase name="VoiceACD_BTransfer_ToIRN_DifferentGroup on Thread[Thread-3,5,main]" time="0.001" classname="HBTestesNG.TestCases.Test_VoiceACD_Transfer">
    <skipped/>
  </testcase> <!-- VoiceACD_BTransfer_ToIRN_DifferentGroup on Thread[Thread-3,5,main] -->
  <testcase name="VoiceACD_BTransfer_ToIRN_AQ on Thread[Thread-3,5,main]" time="0.001" classname="HBTestesNG.TestCases.Test_VoiceACD_Transfer">
    <skipped/>
  </testcase> <!-- VoiceACD_BTransfer_ToIRN_AQ on Thread[Thread-3,5,main] -->
  <testcase name="VoiceACD_CTransfer_ToExt_SameGroup on Thread[Thread-3,5,main]" time="0.003" classname="HBTestesNG.TestCases.Test_VoiceACD_Transfer">
    <skipped/>
  </testcase> <!-- VoiceACD_CTransfer_ToExt_SameGroup on Thread[Thread-3,5,main] -->
  <testcase name="VoiceACD_CTransfer_ToExt_DifferentGroup on Thread[Thread-3,5,main]" time="0.001" classname="HBTestesNG.TestCases.Test_VoiceACD_Transfer">
    <skipped/>
  </testcase> <!-- VoiceACD_CTransfer_ToExt_DifferentGroup on Thread[Thread-3,5,main] -->
  <testcase name="VoiceACD_CTransfer_ToExternal on Thread[Thread-3,5,main]" time="0.005" classname="HBTestesNG.TestCases.Test_VoiceACD_Transfer">
    <skipped/>
  </testcase> <!-- VoiceACD_CTransfer_ToExternal on Thread[Thread-3,5,main] -->
  <testcase name="VoiceACD_CTransfer_ToIRN_SameGroup on Thread[Thread-3,5,main]" time="0.001" classname="HBTestesNG.TestCases.Test_VoiceACD_Transfer">
    <skipped/>
  </testcase> <!-- VoiceACD_CTransfer_ToIRN_SameGroup on Thread[Thread-3,5,main] -->
  <testcase name="VoiceACD_CTransfer_ToIRN_DifferentGroup on Thread[Thread-3,5,main]" time="0.0" classname="HBTestesNG.TestCases.Test_VoiceACD_Transfer">
    <skipped/>
  </testcase> <!-- VoiceACD_CTransfer_ToIRN_DifferentGroup on Thread[Thread-3,5,main] -->
  <testcase name="VoiceACD_BTransfer_ToExt_SameGroup_byName on Thread[Thread-3,5,main]" time="0.001" classname="HBTestesNG.TestCases.Test_VoiceACD_Transfer">
    <skipped/>
  </testcase> <!-- VoiceACD_BTransfer_ToExt_SameGroup_byName on Thread[Thread-3,5,main] -->
  <testcase name="VoiceACD_BTransfer_ToExt_DifferentGroup_byName on Thread[Thread-3,5,main]" time="0.001" classname="HBTestesNG.TestCases.Test_VoiceACD_Transfer">
    <skipped/>
  </testcase> <!-- VoiceACD_BTransfer_ToExt_DifferentGroup_byName on Thread[Thread-3,5,main] -->
  <testcase name="VoiceACD_CTransfer_ToExt_SameGroup_byName on Thread[Thread-3,5,main]" time="0.0" classname="HBTestesNG.TestCases.Test_VoiceACD_Transfer">
    <skipped/>
  </testcase> <!-- VoiceACD_CTransfer_ToExt_SameGroup_byName on Thread[Thread-3,5,main] -->
  <testcase name="VoiceACD_CTransfer_ToExt_DifferentGroup_byName on Thread[Thread-3,5,main]" time="0.001" classname="HBTestesNG.TestCases.Test_VoiceACD_Transfer">
    <skipped/>
  </testcase> <!-- VoiceACD_CTransfer_ToExt_DifferentGroup_byName on Thread[Thread-3,5,main] -->
  <testcase name="VoiceACD_BTransfer_ToExt_SameGroup on Thread[Thread-4,5,main]" time="0.001" classname="HBTestesNG.TestCases.Test_VoiceACD_Transfer_WrapTimeZero">
    <skipped/>
  </testcase> <!-- VoiceACD_BTransfer_ToExt_SameGroup on Thread[Thread-4,5,main] -->
  <testcase name="VoiceACD_BTransfer_ToExt_DifferentGroup on Thread[Thread-4,5,main]" time="0.001" classname="HBTestesNG.TestCases.Test_VoiceACD_Transfer_WrapTimeZero">
    <skipped/>
  </testcase> <!-- VoiceACD_BTransfer_ToExt_DifferentGroup on Thread[Thread-4,5,main] -->
  <testcase name="VoiceACD_BTransfer_ToExternal on Thread[Thread-4,5,main]" time="0.001" classname="HBTestesNG.TestCases.Test_VoiceACD_Transfer_WrapTimeZero">
    <skipped/>
  </testcase> <!-- VoiceACD_BTransfer_ToExternal on Thread[Thread-4,5,main] -->
  <testcase name="VoiceACD_BTransfer_ToIRN_SameGroup on Thread[Thread-4,5,main]" time="0.0" classname="HBTestesNG.TestCases.Test_VoiceACD_Transfer_WrapTimeZero">
    <skipped/>
  </testcase> <!-- VoiceACD_BTransfer_ToIRN_SameGroup on Thread[Thread-4,5,main] -->
  <testcase name="VoiceACD_BTransfer_ToIRN_DifferentGroup on Thread[Thread-4,5,main]" time="0.0" classname="HBTestesNG.TestCases.Test_VoiceACD_Transfer_WrapTimeZero">
    <skipped/>
  </testcase> <!-- VoiceACD_BTransfer_ToIRN_DifferentGroup on Thread[Thread-4,5,main] -->
  <testcase name="VoiceACD_CTransfer_ToExt_SameGroup on Thread[Thread-4,5,main]" time="0.001" classname="HBTestesNG.TestCases.Test_VoiceACD_Transfer_WrapTimeZero">
    <skipped/>
  </testcase> <!-- VoiceACD_CTransfer_ToExt_SameGroup on Thread[Thread-4,5,main] -->
  <testcase name="VoiceACD_CTransfer_ToExt_DifferentGroup on Thread[Thread-4,5,main]" time="0.0" classname="HBTestesNG.TestCases.Test_VoiceACD_Transfer_WrapTimeZero">
    <skipped/>
  </testcase> <!-- VoiceACD_CTransfer_ToExt_DifferentGroup on Thread[Thread-4,5,main] -->
  <testcase name="VoiceACD_CTransfer_ToExternal on Thread[Thread-4,5,main]" time="0.001" classname="HBTestesNG.TestCases.Test_VoiceACD_Transfer_WrapTimeZero">
    <skipped/>
  </testcase> <!-- VoiceACD_CTransfer_ToExternal on Thread[Thread-4,5,main] -->
  <testcase name="VoiceACD_CTransfer_ToIRN_SameGroup on Thread[Thread-4,5,main]" time="0.0" classname="HBTestesNG.TestCases.Test_VoiceACD_Transfer_WrapTimeZero">
    <skipped/>
  </testcase> <!-- VoiceACD_CTransfer_ToIRN_SameGroup on Thread[Thread-4,5,main] -->
  <testcase name="VoiceACD_CTransfer_ToIRN_DifferentGroup on Thread[Thread-4,5,main]" time="0.001" classname="HBTestesNG.TestCases.Test_VoiceACD_Transfer_WrapTimeZero">
    <skipped/>
  </testcase> <!-- VoiceACD_CTransfer_ToIRN_DifferentGroup on Thread[Thread-4,5,main] -->
  <testcase name="VoiceACD_CConference_ToExt_DifferentGroup on Thread[Thread-5,5,main]" time="0.001" classname="HBTestesNG.TestCases.Test_VoiceACD_Conference">
    <skipped/>
  </testcase> <!-- VoiceACD_CConference_ToExt_DifferentGroup on Thread[Thread-5,5,main] -->
  <testcase name="VoiceACD_CConference_ToExt_SameGroup on Thread[Thread-5,5,main]" time="0.001" classname="HBTestesNG.TestCases.Test_VoiceACD_Conference">
    <skipped/>
  </testcase> <!-- VoiceACD_CConference_ToExt_SameGroup on Thread[Thread-5,5,main] -->
  <testcase name="VoiceACD_CConference_ToIRN_DifferentGroup on Thread[Thread-5,5,main]" time="0.001" classname="HBTestesNG.TestCases.Test_VoiceACD_Conference">
    <skipped/>
  </testcase> <!-- VoiceACD_CConference_ToIRN_DifferentGroup on Thread[Thread-5,5,main] -->
  <testcase name="VoiceACD_CConference_ToIRN_SameGroup on Thread[Thread-5,5,main]" time="0.0" classname="HBTestesNG.TestCases.Test_VoiceACD_Conference">
    <skipped/>
  </testcase> <!-- VoiceACD_CConference_ToIRN_SameGroup on Thread[Thread-5,5,main] -->
  <testcase name="VoiceACD_CConference_ToExternal on Thread[Thread-5,5,main]" time="0.001" classname="HBTestesNG.TestCases.Test_VoiceACD_Conference">
    <skipped/>
  </testcase> <!-- VoiceACD_CConference_ToExternal on Thread[Thread-5,5,main] -->
  <testcase name="VoiceACD_CConference_ToExt_DifferentGroup_byName on Thread[Thread-5,5,main]" time="0.0" classname="HBTestesNG.TestCases.Test_VoiceACD_Conference">
    <skipped/>
  </testcase> <!-- VoiceACD_CConference_ToExt_DifferentGroup_byName on Thread[Thread-5,5,main] -->
  <testcase name="VoiceACD_CConference_ToExt_SameGroup_byName on Thread[Thread-5,5,main]" time="0.001" classname="HBTestesNG.TestCases.Test_VoiceACD_Conference">
    <skipped/>
  </testcase> <!-- VoiceACD_CConference_ToExt_SameGroup_byName on Thread[Thread-5,5,main] -->
  <testcase name="VoiceACD_CConference_All on Thread[Thread-5,5,main]" time="0.001" classname="HBTestesNG.TestCases.Test_VoiceACD_Conference">
    <skipped/>
  </testcase> <!-- VoiceACD_CConference_All on Thread[Thread-5,5,main] -->
  <testcase name="VoiceACD_CConference_ToExt_DifferentGroup on Thread[Thread-6,5,main]" time="0.0" classname="HBTestesNG.TestCases.Test_VoiceACD_Conference_WrapTimeZero">
    <skipped/>
  </testcase> <!-- VoiceACD_CConference_ToExt_DifferentGroup on Thread[Thread-6,5,main] -->
  <testcase name="VoiceACD_CConference_ToExt_SameGroup on Thread[Thread-6,5,main]" time="0.0" classname="HBTestesNG.TestCases.Test_VoiceACD_Conference_WrapTimeZero">
    <skipped/>
  </testcase> <!-- VoiceACD_CConference_ToExt_SameGroup on Thread[Thread-6,5,main] -->
  <testcase name="VoiceACD_CConference_ToIRN_DifferentGroup on Thread[Thread-6,5,main]" time="0.001" classname="HBTestesNG.TestCases.Test_VoiceACD_Conference_WrapTimeZero">
    <skipped/>
  </testcase> <!-- VoiceACD_CConference_ToIRN_DifferentGroup on Thread[Thread-6,5,main] -->
  <testcase name="VoiceACD_CConference_ToIRN_SameGroup on Thread[Thread-6,5,main]" time="0.0" classname="HBTestesNG.TestCases.Test_VoiceACD_Conference_WrapTimeZero">
    <skipped/>
  </testcase> <!-- VoiceACD_CConference_ToIRN_SameGroup on Thread[Thread-6,5,main] -->
  <testcase name="VoiceACD_CConference_ToExternal on Thread[Thread-6,5,main]" time="0.001" classname="HBTestesNG.TestCases.Test_VoiceACD_Conference_WrapTimeZero">
    <skipped/>
  </testcase> <!-- VoiceACD_CConference_ToExternal on Thread[Thread-6,5,main] -->
</testsuite> <!-- VoiceACD Scenarios -->
