<?xml version="1.0" encoding="UTF-8"?>
<!-- Generated by org.testng.reporters.JUnitXMLReporter -->
<testsuite hostname="ynohW8-64b-one" name="VoiceACD Scenarios(failed)" tests="25" failures="1" timestamp="9 Oct 2017 21:24:10 GMT" time="1144.256" errors="0">
  <testcase name="@BeforeClass beforeClass" time="0.0" classname="HBTestesNG.TestCases.Test_VoiceACD_Conference_WrapTimeZero">
    <skipped/>
  </testcase> <!-- @BeforeClass beforeClass -->
  <testcase name="@AfterClass afterClass" time="0.0" classname="HBTestesNG.TestCases.Test_VoiceACD_Conference_WrapTimeZero">
    <skipped/>
  </testcase> <!-- @AfterClass afterClass -->
  <testcase name="@BeforeClass beforeClass" time="0.0" classname="HBTestesNG.TestCases.Test_VoiceACD_Transfer">
    <skipped/>
  </testcase> <!-- @BeforeClass beforeClass -->
  <testcase name="@AfterClass afterClass" time="0.0" classname="HBTestesNG.TestCases.Test_VoiceACD_Transfer">
    <skipped/>
  </testcase> <!-- @AfterClass afterClass -->
  <testcase name="@BeforeClass beforeClass" time="0.0" classname="HBTestesNG.TestCases.Test_VoiceACD_Transfer_WrapTimeZero">
    <skipped/>
  </testcase> <!-- @BeforeClass beforeClass -->
  <testcase name="@AfterClass afterClass" time="0.0" classname="HBTestesNG.TestCases.Test_VoiceACD_Transfer_WrapTimeZero">
    <skipped/>
  </testcase> <!-- @AfterClass afterClass -->
  <testcase name="VoiceACD_CConference_ToExt_SameGroup_byName on Thread[Thread-0,5,main]" time="299.166" classname="HBTestesNG.TestCases.Test_VoiceACD_Conference">
    <failure type="java.lang.AssertionError" message="VoiceACD-&amp;gt;Ans-&amp;gt;Consult Conference to Ext on Same Group has failed because =&amp;gt; 
@ agent1yc1@c1yc1.comfail on wrapupEndWith2WrapupCodes expected [true] but found [false]">
      <![CDATA[java.lang.AssertionError: VoiceACD->Ans->Consult Conference to Ext on Same Group has failed because => 
@ agent1yc1@c1yc1.comfail on wrapupEndWith2WrapupCodes expected [true] but found [false]
	at HBTestesNG.BaseObjects.TestCaseObject.failTest(TestCaseObject.java:438)
	at HBTestesNG.BaseObjects.TestCaseObject.endTestCase(TestCaseObject.java:217)
	at HBTestesNG.TestCases.Test_VoiceACD_Conference.VoiceACD_CConference_ToExt_SameGroup_byName(Test_VoiceACD_Conference.java:105)
... Removed 27 stack frames]]>
    </failure>
  </testcase> <!-- VoiceACD_CConference_ToExt_SameGroup_byName on Thread[Thread-0,5,main] -->
  <testcase name="VoiceACD_CConference_ToExt_SameGroup on Thread[Thread-0,5,main]" time="179.047" classname="HBTestesNG.TestCases.Test_VoiceACD_Conference"/>
  <testcase name="VoiceACD_CConference_ToExternal on Thread[Thread-0,5,main]" time="169.656" classname="HBTestesNG.TestCases.Test_VoiceACD_Conference"/>
  <testcase name="VoiceACD_CConference_ToExt_DifferentGroup_byName on Thread[Thread-0,5,main]" time="167.006" classname="HBTestesNG.TestCases.Test_VoiceACD_Conference"/>
  <testcase name="VoiceACD_CConference_ToExt_DifferentGroup on Thread[Thread-0,5,main]" time="170.021" classname="HBTestesNG.TestCases.Test_VoiceACD_Conference"/>
  <testcase name="VoiceACD_CConference_All on Thread[Thread-0,5,main]" time="0.001" classname="HBTestesNG.TestCases.Test_VoiceACD_Conference">
    <skipped/>
  </testcase> <!-- VoiceACD_CConference_All on Thread[Thread-0,5,main] -->
  <testcase name="VoiceACD_CConference_ToIRN_DifferentGroup on Thread[Thread-0,5,main]" time="159.298" classname="HBTestesNG.TestCases.Test_VoiceACD_Conference"/>
  <testcase name="VoiceACD_CConference_ToExt_DifferentGroup on Thread[Thread-3,5,main]" time="0.0" classname="HBTestesNG.TestCases.Test_VoiceACD_Conference_WrapTimeZero">
    <skipped/>
  </testcase> <!-- VoiceACD_CConference_ToExt_DifferentGroup on Thread[Thread-3,5,main] -->
  <testcase name="VoiceACD_CConference_ToExternal on Thread[Thread-3,5,main]" time="0.001" classname="HBTestesNG.TestCases.Test_VoiceACD_Conference_WrapTimeZero">
    <skipped/>
  </testcase> <!-- VoiceACD_CConference_ToExternal on Thread[Thread-3,5,main] -->
  <testcase name="VoiceACD_CConference_ToIRN_DifferentGroup on Thread[Thread-3,5,main]" time="0.0" classname="HBTestesNG.TestCases.Test_VoiceACD_Conference_WrapTimeZero">
    <skipped/>
  </testcase> <!-- VoiceACD_CConference_ToIRN_DifferentGroup on Thread[Thread-3,5,main] -->
  <testcase name="VoiceACD_CConference_ToExt_SameGroup on Thread[Thread-3,5,main]" time="0.0" classname="HBTestesNG.TestCases.Test_VoiceACD_Conference_WrapTimeZero">
    <skipped/>
  </testcase> <!-- VoiceACD_CConference_ToExt_SameGroup on Thread[Thread-3,5,main] -->
  <testcase name="VoiceACD_CConference_ToIRN_SameGroup on Thread[Thread-3,5,main]" time="0.0" classname="HBTestesNG.TestCases.Test_VoiceACD_Conference_WrapTimeZero">
    <skipped/>
  </testcase> <!-- VoiceACD_CConference_ToIRN_SameGroup on Thread[Thread-3,5,main] -->
  <testcase name="VoiceACD_CTransfer_ToExt_SameGroup on Thread[Thread-1,5,main]" time="0.0" classname="HBTestesNG.TestCases.Test_VoiceACD_Transfer">
    <skipped/>
  </testcase> <!-- VoiceACD_CTransfer_ToExt_SameGroup on Thread[Thread-1,5,main] -->
  <testcase name="VoiceACD_CTransfer_ToExt_SameGroup_byName on Thread[Thread-1,5,main]" time="0.001" classname="HBTestesNG.TestCases.Test_VoiceACD_Transfer">
    <skipped/>
  </testcase> <!-- VoiceACD_CTransfer_ToExt_SameGroup_byName on Thread[Thread-1,5,main] -->
  <testcase name="VoiceACD_CTransfer_ToIRN_SameGroup on Thread[Thread-1,5,main]" time="0.001" classname="HBTestesNG.TestCases.Test_VoiceACD_Transfer">
    <skipped/>
  </testcase> <!-- VoiceACD_CTransfer_ToIRN_SameGroup on Thread[Thread-1,5,main] -->
  <testcase name="VoiceACD_CTransfer_ToIRN_DifferentGroup on Thread[Thread-1,5,main]" time="0.001" classname="HBTestesNG.TestCases.Test_VoiceACD_Transfer">
    <skipped/>
  </testcase> <!-- VoiceACD_CTransfer_ToIRN_DifferentGroup on Thread[Thread-1,5,main] -->
  <testcase name="VoiceACD_BTransfer_ToExt_SameGroup_byName on Thread[Thread-1,5,main]" time="0.001" classname="HBTestesNG.TestCases.Test_VoiceACD_Transfer">
    <skipped/>
  </testcase> <!-- VoiceACD_BTransfer_ToExt_SameGroup_byName on Thread[Thread-1,5,main] -->
  <testcase name="VoiceACD_BTransfer_ToIRN_AQ on Thread[Thread-1,5,main]" time="0.001" classname="HBTestesNG.TestCases.Test_VoiceACD_Transfer">
    <skipped/>
  </testcase> <!-- VoiceACD_BTransfer_ToIRN_AQ on Thread[Thread-1,5,main] -->
  <testcase name="VoiceACD_BTransfer_ToIRN_DifferentGroup on Thread[Thread-4,5,main]" time="0.001" classname="HBTestesNG.TestCases.Test_VoiceACD_Transfer_WrapTimeZero">
    <skipped/>
  </testcase> <!-- VoiceACD_BTransfer_ToIRN_DifferentGroup on Thread[Thread-4,5,main] -->
  <testcase name="VoiceACD_CTransfer_ToExt_DifferentGroup on Thread[Thread-4,5,main]" time="0.001" classname="HBTestesNG.TestCases.Test_VoiceACD_Transfer_WrapTimeZero">
    <skipped/>
  </testcase> <!-- VoiceACD_CTransfer_ToExt_DifferentGroup on Thread[Thread-4,5,main] -->
  <testcase name="VoiceACD_CTransfer_ToExt_SameGroup on Thread[Thread-4,5,main]" time="0.0" classname="HBTestesNG.TestCases.Test_VoiceACD_Transfer_WrapTimeZero">
    <skipped/>
  </testcase> <!-- VoiceACD_CTransfer_ToExt_SameGroup on Thread[Thread-4,5,main] -->
  <testcase name="VoiceACD_CTransfer_ToIRN_DifferentGroup on Thread[Thread-4,5,main]" time="0.001" classname="HBTestesNG.TestCases.Test_VoiceACD_Transfer_WrapTimeZero">
    <skipped/>
  </testcase> <!-- VoiceACD_CTransfer_ToIRN_DifferentGroup on Thread[Thread-4,5,main] -->
  <testcase name="VoiceACD_BTransfer_ToIRN_SameGroup on Thread[Thread-4,5,main]" time="0.0" classname="HBTestesNG.TestCases.Test_VoiceACD_Transfer_WrapTimeZero">
    <skipped/>
  </testcase> <!-- VoiceACD_BTransfer_ToIRN_SameGroup on Thread[Thread-4,5,main] -->
  <testcase name="VoiceACD_CTransfer_ToIRN_SameGroup on Thread[Thread-4,5,main]" time="0.0" classname="HBTestesNG.TestCases.Test_VoiceACD_Transfer_WrapTimeZero">
    <skipped/>
  </testcase> <!-- VoiceACD_CTransfer_ToIRN_SameGroup on Thread[Thread-4,5,main] -->
  <testcase name="VoiceACD_CTransfer_ToExternal on Thread[Thread-4,5,main]" time="0.001" classname="HBTestesNG.TestCases.Test_VoiceACD_Transfer_WrapTimeZero">
    <skipped/>
  </testcase> <!-- VoiceACD_CTransfer_ToExternal on Thread[Thread-4,5,main] -->
</testsuite> <!-- VoiceACD Scenarios(failed) -->
