<?xml version="1.0" encoding="UTF-8"?>
<!-- Generated by org.testng.reporters.JUnitXMLReporter -->
<testsuite hostname="ynohW8-64b-one" name="VoiceACD Scenarios(failed)" tests="23" failures="0" timestamp="30 Jan 2018 21:40:34 GMT" time="528.274" errors="0">
  <testcase name="@BeforeClass beforeClass" time="0.0" classname="HBTestesNG.TestCases.Test_VoiceACD_Conference">
    <skipped/>
  </testcase> <!-- @BeforeClass beforeClass -->
  <testcase name="@AfterClass afterClass" time="0.0" classname="HBTestesNG.TestCases.Test_VoiceACD_Conference">
    <skipped/>
  </testcase> <!-- @AfterClass afterClass -->
  <testcase name="VoiceACD_NoQ_Answer on Thread[Thread-0,5,main]" time="97.496" classname="HBTestesNG.TestCases.Test_VoiceACD_Basic"/>
  <testcase name="VoiceACD_Q_Answer on Thread[Thread-0,5,main]" time="114.031" classname="HBTestesNG.TestCases.Test_VoiceACD_Basic"/>
  <testcase name="VoiceACD_BTransfer_ToExt_DifferentGroup_byName on Thread[Thread-4,5,main]" time="111.775" classname="HBTestesNG.TestCases.Test_VoiceACD_Transfer"/>
  <testcase name="VoiceACD_CTransfer_ToExternal on Thread[Thread-4,5,main]" time="204.901" classname="HBTestesNG.TestCases.Test_VoiceACD_Transfer"/>
  <testcase name="VoiceACD_BTransfer_ToExternal on Thread[Thread-4,5,main]" time="0.001" classname="HBTestesNG.TestCases.Test_VoiceACD_Transfer">
    <skipped/>
  </testcase> <!-- VoiceACD_BTransfer_ToExternal on Thread[Thread-4,5,main] -->
  <testcase name="VoiceACD_CTransfer_ToExt_DifferentGroup_byName on Thread[Thread-4,5,main]" time="0.001" classname="HBTestesNG.TestCases.Test_VoiceACD_Transfer">
    <skipped/>
  </testcase> <!-- VoiceACD_CTransfer_ToExt_DifferentGroup_byName on Thread[Thread-4,5,main] -->
  <testcase name="VoiceACD_CTransfer_ToIRN_SameGroup on Thread[Thread-4,5,main]" time="0.001" classname="HBTestesNG.TestCases.Test_VoiceACD_Transfer">
    <skipped/>
  </testcase> <!-- VoiceACD_CTransfer_ToIRN_SameGroup on Thread[Thread-4,5,main] -->
  <testcase name="VoiceACD_CTransfer_ToIRN_DifferentGroup on Thread[Thread-4,5,main]" time="0.0" classname="HBTestesNG.TestCases.Test_VoiceACD_Transfer">
    <skipped/>
  </testcase> <!-- VoiceACD_CTransfer_ToIRN_DifferentGroup on Thread[Thread-4,5,main] -->
  <testcase name="VoiceACD_BTransfer_ToExt_SameGroup_byName on Thread[Thread-4,5,main]" time="0.002" classname="HBTestesNG.TestCases.Test_VoiceACD_Transfer">
    <skipped/>
  </testcase> <!-- VoiceACD_BTransfer_ToExt_SameGroup_byName on Thread[Thread-4,5,main] -->
  <testcase name="VoiceACD_CTransfer_ToExt_DifferentGroup on Thread[Thread-4,5,main]" time="0.001" classname="HBTestesNG.TestCases.Test_VoiceACD_Transfer">
    <skipped/>
  </testcase> <!-- VoiceACD_CTransfer_ToExt_DifferentGroup on Thread[Thread-4,5,main] -->
  <testcase name="VoiceACD_CTransfer_ToExt_SameGroup on Thread[Thread-4,5,main]" time="0.002" classname="HBTestesNG.TestCases.Test_VoiceACD_Transfer">
    <skipped/>
  </testcase> <!-- VoiceACD_CTransfer_ToExt_SameGroup on Thread[Thread-4,5,main] -->
  <testcase name="VoiceACD_CTransfer_ToExt_SameGroup_byName on Thread[Thread-4,5,main]" time="0.002" classname="HBTestesNG.TestCases.Test_VoiceACD_Transfer">
    <skipped/>
  </testcase> <!-- VoiceACD_CTransfer_ToExt_SameGroup_byName on Thread[Thread-4,5,main] -->
  <testcase name="VoiceACD_BTransfer_ToIRN_DifferentGroup on Thread[Thread-4,5,main]" time="0.0" classname="HBTestesNG.TestCases.Test_VoiceACD_Transfer">
    <skipped/>
  </testcase> <!-- VoiceACD_BTransfer_ToIRN_DifferentGroup on Thread[Thread-4,5,main] -->
  <testcase name="VoiceACD_BTransfer_ToIRN_SameGroup on Thread[Thread-4,5,main]" time="0.003" classname="HBTestesNG.TestCases.Test_VoiceACD_Transfer">
    <skipped/>
  </testcase> <!-- VoiceACD_BTransfer_ToIRN_SameGroup on Thread[Thread-4,5,main] -->
  <testcase name="VoiceACD_BTransfer_ToExt_SameGroup on Thread[Thread-4,5,main]" time="0.002" classname="HBTestesNG.TestCases.Test_VoiceACD_Transfer">
    <skipped/>
  </testcase> <!-- VoiceACD_BTransfer_ToExt_SameGroup on Thread[Thread-4,5,main] -->
  <testcase name="VoiceACD_BTransfer_ToExt_DifferentGroup on Thread[Thread-4,5,main]" time="0.001" classname="HBTestesNG.TestCases.Test_VoiceACD_Transfer">
    <skipped/>
  </testcase> <!-- VoiceACD_BTransfer_ToExt_DifferentGroup on Thread[Thread-4,5,main] -->
  <testcase name="VoiceACD_BTransfer_ToIRN_AQ on Thread[Thread-4,5,main]" time="0.001" classname="HBTestesNG.TestCases.Test_VoiceACD_Transfer">
    <skipped/>
  </testcase> <!-- VoiceACD_BTransfer_ToIRN_AQ on Thread[Thread-4,5,main] -->
  <testcase name="VoiceACD_CConference_ToExt_SameGroup_byName on Thread[Thread-1,5,main]" time="0.0" classname="HBTestesNG.TestCases.Test_VoiceACD_Conference">
    <skipped/>
  </testcase> <!-- VoiceACD_CConference_ToExt_SameGroup_byName on Thread[Thread-1,5,main] -->
  <testcase name="VoiceACD_CConference_ToExternal on Thread[Thread-1,5,main]" time="0.003" classname="HBTestesNG.TestCases.Test_VoiceACD_Conference">
    <skipped/>
  </testcase> <!-- VoiceACD_CConference_ToExternal on Thread[Thread-1,5,main] -->
  <testcase name="VoiceACD_CConference_ToExt_DifferentGroup_byName on Thread[Thread-1,5,main]" time="0.0" classname="HBTestesNG.TestCases.Test_VoiceACD_Conference">
    <skipped/>
  </testcase> <!-- VoiceACD_CConference_ToExt_DifferentGroup_byName on Thread[Thread-1,5,main] -->
  <testcase name="VoiceACD_CConference_ToExt_DifferentGroup on Thread[Thread-1,5,main]" time="0.001" classname="HBTestesNG.TestCases.Test_VoiceACD_Conference">
    <skipped/>
  </testcase> <!-- VoiceACD_CConference_ToExt_DifferentGroup on Thread[Thread-1,5,main] -->
  <testcase name="VoiceACD_CConference_All on Thread[Thread-1,5,main]" time="0.001" classname="HBTestesNG.TestCases.Test_VoiceACD_Conference">
    <skipped/>
  </testcase> <!-- VoiceACD_CConference_All on Thread[Thread-1,5,main] -->
  <testcase name="VoiceACD_CConference_ToIRN_DifferentGroup on Thread[Thread-1,5,main]" time="0.001" classname="HBTestesNG.TestCases.Test_VoiceACD_Conference">
    <skipped/>
  </testcase> <!-- VoiceACD_CConference_ToIRN_DifferentGroup on Thread[Thread-1,5,main] -->
</testsuite> <!-- VoiceACD Scenarios(failed) -->
