<?xml version="1.0" encoding="UTF-8"?>
<testng-results skipped="0" failed="0" total="1" passed="1">
  <reporter-output>
  </reporter-output>
  <suite name="CreatingEntities" duration-ms="47403" started-at="2018-02-22T21:40:22Z" finished-at="2018-02-22T21:41:09Z">
    <groups>
      <group name="CCDirector_ClassLevel">
        <method signature="Test_HBDirector.CCDirector_CreateAgents()[pri:0, instance:Thread[Thread-1,5,main]]" name="CCDirector_CreateAgents" class="TestCases.Test_HBDirector"/>
      </group> <!-- CCDirector_ClassLevel -->
    </groups>
    <test name="Creating CCDirector Entities" duration-ms="47403" started-at="2018-02-22T21:40:22Z" finished-at="2018-02-22T21:41:09Z">
      <class name="TestCases.Test_HBDirector">
        <test-method status="PASS" signature="beforeClass()[pri:0, instance:Thread[Thread-1,5,main]]" name="beforeClass" is-config="true" duration-ms="1" started-at="2018-02-22T13:40:22Z" finished-at="2018-02-22T13:40:22Z">
          <reporter-output>
          </reporter-output>
        </test-method> <!-- beforeClass -->
        <test-method status="PASS" signature="CCDirector_CreateAgents()[pri:0, instance:Thread[Thread-1,5,main]]" name="CCDirector_CreateAgents" duration-ms="47393" started-at="2018-02-22T13:40:22Z" finished-at="2018-02-22T13:41:09Z">
          <reporter-output>
          </reporter-output>
        </test-method> <!-- CCDirector_CreateAgents -->
        <test-method status="PASS" signature="afterClass()[pri:0, instance:Thread[Thread-1,5,main]]" name="afterClass" is-config="true" duration-ms="1" started-at="2018-02-22T13:41:09Z" finished-at="2018-02-22T13:41:09Z">
          <reporter-output>
          </reporter-output>
        </test-method> <!-- afterClass -->
      </class> <!-- TestCases.Test_HBDirector -->
      <class name="TestCases.Test_Prepare">
        <test-method status="PASS" signature="beforeSuite()[pri:0, instance:Thread[Thread-0,5,main]]" name="beforeSuite" is-config="true" duration-ms="3848" started-at="2018-02-22T13:40:18Z" finished-at="2018-02-22T13:40:22Z">
          <reporter-output>
          </reporter-output>
        </test-method> <!-- beforeSuite -->
        <test-method status="PASS" signature="afterSuite()[pri:0, instance:Thread[Thread-0,5,main]]" name="afterSuite" is-config="true" duration-ms="4" started-at="2018-02-22T13:41:09Z" finished-at="2018-02-22T13:41:09Z">
          <reporter-output>
          </reporter-output>
        </test-method> <!-- afterSuite -->
      </class> <!-- TestCases.Test_Prepare -->
    </test> <!-- Creating CCDirector Entities -->
  </suite> <!-- CreatingEntities -->
</testng-results>
