<?xml version="1.0" encoding="UTF-8"?>
<testng-results skipped="0" failed="0" total="1" passed="1">
  <reporter-output>
  </reporter-output>
  <suite name="CreatingEntities" duration-ms="40077" started-at="2017-07-24T17:54:51Z" finished-at="2017-07-24T17:55:31Z">
    <groups>
      <group name="CCDirector_ClassLevel">
        <method signature="Test_HBDirector.CCDirector_CreateAgents()[pri:0, instance:Thread[Thread-1,5,main]]" name="CCDirector_CreateAgents" class="TestCases.Test_HBDirector"/>
      </group> <!-- CCDirector_ClassLevel -->
    </groups>
    <test name="Creating CCDirector Entities" duration-ms="40077" started-at="2017-07-24T17:54:51Z" finished-at="2017-07-24T17:55:31Z">
      <class name="TestCases.Test_HBDirector">
        <test-method status="PASS" signature="beforeClass()[pri:0, instance:Thread[Thread-1,5,main]]" name="beforeClass" is-config="true" duration-ms="0" started-at="2017-07-24T10:54:51Z" finished-at="2017-07-24T10:54:51Z">
          <reporter-output>
          </reporter-output>
        </test-method> <!-- beforeClass -->
        <test-method status="PASS" signature="CCDirector_CreateAgents()[pri:0, instance:Thread[Thread-1,5,main]]" name="CCDirector_CreateAgents" duration-ms="40064" started-at="2017-07-24T10:54:51Z" finished-at="2017-07-24T10:55:31Z">
          <reporter-output>
          </reporter-output>
        </test-method> <!-- CCDirector_CreateAgents -->
        <test-method status="PASS" signature="afterClass()[pri:0, instance:Thread[Thread-1,5,main]]" name="afterClass" is-config="true" duration-ms="1" started-at="2017-07-24T10:55:31Z" finished-at="2017-07-24T10:55:31Z">
          <reporter-output>
          </reporter-output>
        </test-method> <!-- afterClass -->
      </class> <!-- TestCases.Test_HBDirector -->
      <class name="TestCases.Test_Prepare">
        <test-method status="PASS" signature="beforeSuite()[pri:0, instance:Thread[Thread-0,5,main]]" name="beforeSuite" is-config="true" duration-ms="3012" started-at="2017-07-24T10:54:48Z" finished-at="2017-07-24T10:54:51Z">
          <reporter-output>
          </reporter-output>
        </test-method> <!-- beforeSuite -->
        <test-method status="PASS" signature="afterSuite()[pri:0, instance:Thread[Thread-0,5,main]]" name="afterSuite" is-config="true" duration-ms="3" started-at="2017-07-24T10:55:31Z" finished-at="2017-07-24T10:55:31Z">
          <reporter-output>
          </reporter-output>
        </test-method> <!-- afterSuite -->
      </class> <!-- TestCases.Test_Prepare -->
    </test> <!-- Creating CCDirector Entities -->
  </suite> <!-- CreatingEntities -->
</testng-results>
